This file contains any messages produced by compilers while
running configure, to aid debugging if configure makes a mistake.

It was created by sixthlab configure 0.1, which was
generated by GNU Autoconf 2.69.  Invocation command line was

  $ /home/ITRANSITION.CORP/a6.osipov/sixthlab/configure --enable-maintainer-mode CFLAGS=-g -O0 CXXFLAGS=-g -O0 JFLAGS=-g -O0 FFLAGS=-g -O0

## --------- ##
## Platform. ##
## --------- ##

hostname = osipova6-l
uname -m = x86_64
uname -r = 4.15.0-45-generic
uname -s = Linux
uname -v = #48-Ubuntu SMP Tue Jan 29 16:28:13 UTC 2019

/usr/bin/uname -p = unknown
/bin/uname -X     = unknown

/bin/arch              = unknown
/usr/bin/arch -k       = unknown
/usr/convex/getsysinfo = unknown
/usr/bin/hostinfo      = unknown
/bin/machine           = unknown
/usr/bin/oslevel       = unknown
/bin/universe          = unknown

PATH: /home/ITRANSITION.CORP/a6.osipov/.local/bin
PATH: /usr/local/sbin
PATH: /usr/local/bin
PATH: /usr/sbin
PATH: /usr/bin
PATH: /sbin
PATH: /bin
PATH: /usr/games
PATH: /usr/local/games
PATH: /snap/bin


## ----------- ##
## Core tests. ##
## ----------- ##

configure:2457: checking for a BSD-compatible install
configure:2525: result: /usr/bin/install -c
configure:2536: checking whether build environment is sane
configure:2591: result: yes
configure:2742: checking for a thread-safe mkdir -p
configure:2781: result: /bin/mkdir -p
configure:2788: checking for gawk
configure:2818: result: no
configure:2788: checking for mawk
configure:2804: found /usr/bin/mawk
configure:2815: result: mawk
configure:2826: checking whether make sets $(MAKE)
configure:2848: result: yes
configure:2877: checking whether make supports nested variables
configure:2894: result: yes
configure:3032: checking whether make supports nested variables
configure:3049: result: yes
configure:3119: checking for g++
configure:3135: found /usr/bin/g++
configure:3146: result: g++
configure:3173: checking for C++ compiler version
configure:3182: g++ --version >&5
g++ (Ubuntu 7.3.0-27ubuntu1~18.04) 7.3.0
Copyright (C) 2017 Free Software Foundation, Inc.
This is free software; see the source for copying conditions.  There is NO
warranty; not even for MERCHANTABILITY or FITNESS FOR A PARTICULAR PURPOSE.

configure:3193: $? = 0
configure:3182: g++ -v >&5
Using built-in specs.
COLLECT_GCC=g++
COLLECT_LTO_WRAPPER=/usr/lib/gcc/x86_64-linux-gnu/7/lto-wrapper
OFFLOAD_TARGET_NAMES=nvptx-none
OFFLOAD_TARGET_DEFAULT=1
Target: x86_64-linux-gnu
Configured with: ../src/configure -v --with-pkgversion='Ubuntu 7.3.0-27ubuntu1~18.04' --with-bugurl=file:///usr/share/doc/gcc-7/README.Bugs --enable-languages=c,ada,c++,go,brig,d,fortran,objc,obj-c++ --prefix=/usr --with-gcc-major-version-only --program-suffix=-7 --program-prefix=x86_64-linux-gnu- --enable-shared --enable-linker-build-id --libexecdir=/usr/lib --without-included-gettext --enable-threads=posix --libdir=/usr/lib --enable-nls --with-sysroot=/ --enable-clocale=gnu --enable-libstdcxx-debug --enable-libstdcxx-time=yes --with-default-libstdcxx-abi=new --enable-gnu-unique-object --disable-vtable-verify --enable-libmpx --enable-plugin --enable-default-pie --with-system-zlib --with-target-system-zlib --enable-objc-gc=auto --enable-multiarch --disable-werror --with-arch-32=i686 --with-abi=m64 --with-multilib-list=m32,m64,mx32 --enable-multilib --with-tune=generic --enable-offload-targets=nvptx-none --without-cuda-driver --enable-checking=release --build=x86_64-linux-gnu --host=x86_64-linux-gnu --target=x86_64-linux-gnu
Thread model: posix
gcc version 7.3.0 (Ubuntu 7.3.0-27ubuntu1~18.04) 
configure:3193: $? = 0
configure:3182: g++ -V >&5
g++: error: unrecognized command line option '-V'
g++: fatal error: no input files
compilation terminated.
configure:3193: $? = 1
configure:3182: g++ -qversion >&5
g++: error: unrecognized command line option '-qversion'; did you mean '--version'?
g++: fatal error: no input files
compilation terminated.
configure:3193: $? = 1
configure:3213: checking whether the C++ compiler works
configure:3235: g++ -g -O0   conftest.cpp  >&5
configure:3239: $? = 0
configure:3287: result: yes
configure:3290: checking for C++ compiler default output file name
configure:3292: result: a.out
configure:3298: checking for suffix of executables
configure:3305: g++ -o conftest -g -O0   conftest.cpp  >&5
configure:3309: $? = 0
configure:3331: result: 
configure:3353: checking whether we are cross compiling
configure:3361: g++ -o conftest -g -O0   conftest.cpp  >&5
configure:3365: $? = 0
configure:3372: ./conftest
configure:3376: $? = 0
configure:3391: result: no
configure:3396: checking for suffix of object files
configure:3418: g++ -c -g -O0  conftest.cpp >&5
configure:3422: $? = 0
configure:3443: result: o
configure:3447: checking whether we are using the GNU C++ compiler
configure:3466: g++ -c -g -O0  conftest.cpp >&5
configure:3466: $? = 0
configure:3475: result: yes
configure:3484: checking whether g++ accepts -g
configure:3504: g++ -c -g  conftest.cpp >&5
configure:3504: $? = 0
configure:3545: result: yes
configure:3579: checking for style of include used by make
configure:3607: result: GNU
configure:3633: checking dependency style of g++
configure:3744: result: gcc3
configure:3764: checking whether NLS is requested
configure:3773: result: yes
configure:3791: checking for intltool >= 0.35.0
configure:3793: result: 0.51.0 found
configure:3801: checking for intltool-update
configure:3819: found /usr/bin/intltool-update
configure:3831: result: /usr/bin/intltool-update
configure:3841: checking for intltool-merge
configure:3859: found /usr/bin/intltool-merge
configure:3871: result: /usr/bin/intltool-merge
configure:3881: checking for intltool-extract
configure:3899: found /usr/bin/intltool-extract
configure:3911: result: /usr/bin/intltool-extract
configure:4065: checking for xgettext
configure:4083: found /usr/bin/xgettext
configure:4095: result: /usr/bin/xgettext
configure:4105: checking for msgmerge
configure:4123: found /usr/bin/msgmerge
configure:4135: result: /usr/bin/msgmerge
configure:4145: checking for msgfmt
configure:4163: found /usr/bin/msgfmt
configure:4175: result: /usr/bin/msgfmt
configure:4185: checking for gmsgfmt
configure:4216: result: /usr/bin/msgfmt
configure:4236: checking for perl
configure:4254: found /usr/bin/perl
configure:4266: result: /usr/bin/perl
configure:4277: checking for perl >= 5.8.1
configure:4284: result: 5.26.1
configure:4288: checking for XML::Parser
configure:4291: result: ok
configure:4360: checking for gcc
configure:4376: found /usr/bin/gcc
configure:4387: result: gcc
configure:4616: checking for C compiler version
configure:4625: gcc --version >&5
gcc (Ubuntu 7.3.0-27ubuntu1~18.04) 7.3.0
Copyright (C) 2017 Free Software Foundation, Inc.
This is free software; see the source for copying conditions.  There is NO
warranty; not even for MERCHANTABILITY or FITNESS FOR A PARTICULAR PURPOSE.

configure:4636: $? = 0
configure:4625: gcc -v >&5
Using built-in specs.
COLLECT_GCC=gcc
COLLECT_LTO_WRAPPER=/usr/lib/gcc/x86_64-linux-gnu/7/lto-wrapper
OFFLOAD_TARGET_NAMES=nvptx-none
OFFLOAD_TARGET_DEFAULT=1
Target: x86_64-linux-gnu
Configured with: ../src/configure -v --with-pkgversion='Ubuntu 7.3.0-27ubuntu1~18.04' --with-bugurl=file:///usr/share/doc/gcc-7/README.Bugs --enable-languages=c,ada,c++,go,brig,d,fortran,objc,obj-c++ --prefix=/usr --with-gcc-major-version-only --program-suffix=-7 --program-prefix=x86_64-linux-gnu- --enable-shared --enable-linker-build-id --libexecdir=/usr/lib --without-included-gettext --enable-threads=posix --libdir=/usr/lib --enable-nls --with-sysroot=/ --enable-clocale=gnu --enable-libstdcxx-debug --enable-libstdcxx-time=yes --with-default-libstdcxx-abi=new --enable-gnu-unique-object --disable-vtable-verify --enable-libmpx --enable-plugin --enable-default-pie --with-system-zlib --with-target-system-zlib --enable-objc-gc=auto --enable-multiarch --disable-werror --with-arch-32=i686 --with-abi=m64 --with-multilib-list=m32,m64,mx32 --enable-multilib --with-tune=generic --enable-offload-targets=nvptx-none --without-cuda-driver --enable-checking=release --build=x86_64-linux-gnu --host=x86_64-linux-gnu --target=x86_64-linux-gnu
Thread model: posix
gcc version 7.3.0 (Ubuntu 7.3.0-27ubuntu1~18.04) 
configure:4636: $? = 0
configure:4625: gcc -V >&5
gcc: error: unrecognized command line option '-V'
gcc: fatal error: no input files
compilation terminated.
configure:4636: $? = 1
configure:4625: gcc -qversion >&5
gcc: error: unrecognized command line option '-qversion'; did you mean '--version'?
gcc: fatal error: no input files
compilation terminated.
configure:4636: $? = 1
configure:4640: checking whether we are using the GNU C compiler
configure:4659: gcc -c -g -O0  conftest.c >&5
configure:4659: $? = 0
configure:4668: result: yes
configure:4677: checking whether gcc accepts -g
configure:4697: gcc -c -g  conftest.c >&5
configure:4697: $? = 0
configure:4738: result: yes
configure:4755: checking for gcc option to accept ISO C89
configure:4818: gcc  -c -g -O0  conftest.c >&5
configure:4818: $? = 0
configure:4831: result: none needed
configure:4856: checking whether gcc understands -c and -o together
configure:4878: gcc -c conftest.c -o conftest2.o
configure:4881: $? = 0
configure:4878: gcc -c conftest.c -o conftest2.o
configure:4881: $? = 0
configure:4893: result: yes
configure:4912: checking dependency style of gcc
configure:5023: result: gcc3
configure:5044: checking how to run the C preprocessor
configure:5075: gcc -E  conftest.c
configure:5075: $? = 0
configure:5089: gcc -E  conftest.c
conftest.c:12:10: fatal error: ac_nonexistent.h: No such file or directory
 #include <ac_nonexistent.h>
          ^~~~~~~~~~~~~~~~~~
compilation terminated.
configure:5089: $? = 1
configure: failed program was:
| /* confdefs.h */
| #define PACKAGE_NAME "sixthlab"
| #define PACKAGE_TARNAME "sixthlab"
| #define PACKAGE_VERSION "0.1"
| #define PACKAGE_STRING "sixthlab 0.1"
| #define PACKAGE_BUGREPORT ""
| #define PACKAGE_URL ""
| #define PACKAGE "sixthlab"
| #define VERSION "0.1"
| #define GETTEXT_PACKAGE "sixthlab"
| /* end confdefs.h.  */
| #include <ac_nonexistent.h>
configure:5114: result: gcc -E
configure:5134: gcc -E  conftest.c
configure:5134: $? = 0
configure:5148: gcc -E  conftest.c
conftest.c:12:10: fatal error: ac_nonexistent.h: No such file or directory
 #include <ac_nonexistent.h>
          ^~~~~~~~~~~~~~~~~~
compilation terminated.
configure:5148: $? = 1
configure: failed program was:
| /* confdefs.h */
| #define PACKAGE_NAME "sixthlab"
| #define PACKAGE_TARNAME "sixthlab"
| #define PACKAGE_VERSION "0.1"
| #define PACKAGE_STRING "sixthlab 0.1"
| #define PACKAGE_BUGREPORT ""
| #define PACKAGE_URL ""
| #define PACKAGE "sixthlab"
| #define VERSION "0.1"
| #define GETTEXT_PACKAGE "sixthlab"
| /* end confdefs.h.  */
| #include <ac_nonexistent.h>
configure:5177: checking for grep that handles long lines and -e
configure:5235: result: /bin/grep
configure:5240: checking for egrep
configure:5302: result: /bin/grep -E
configure:5307: checking for ANSI C header files
configure:5327: gcc -c -g -O0  conftest.c >&5
configure:5327: $? = 0
configure:5400: gcc -o conftest -g -O0   conftest.c  >&5
configure:5400: $? = 0
configure:5400: ./conftest
configure:5400: $? = 0
configure:5411: result: yes
configure:5424: checking for sys/types.h
configure:5424: gcc -c -g -O0  conftest.c >&5
configure:5424: $? = 0
configure:5424: result: yes
configure:5424: checking for sys/stat.h
configure:5424: gcc -c -g -O0  conftest.c >&5
configure:5424: $? = 0
configure:5424: result: yes
configure:5424: checking for stdlib.h
configure:5424: gcc -c -g -O0  conftest.c >&5
configure:5424: $? = 0
configure:5424: result: yes
configure:5424: checking for string.h
configure:5424: gcc -c -g -O0  conftest.c >&5
configure:5424: $? = 0
configure:5424: result: yes
configure:5424: checking for memory.h
configure:5424: gcc -c -g -O0  conftest.c >&5
configure:5424: $? = 0
configure:5424: result: yes
configure:5424: checking for strings.h
configure:5424: gcc -c -g -O0  conftest.c >&5
configure:5424: $? = 0
configure:5424: result: yes
configure:5424: checking for inttypes.h
configure:5424: gcc -c -g -O0  conftest.c >&5
configure:5424: $? = 0
configure:5424: result: yes
configure:5424: checking for stdint.h
configure:5424: gcc -c -g -O0  conftest.c >&5
configure:5424: $? = 0
configure:5424: result: yes
configure:5424: checking for unistd.h
configure:5424: gcc -c -g -O0  conftest.c >&5
configure:5424: $? = 0
configure:5424: result: yes
configure:5439: checking locale.h usability
configure:5439: gcc -c -g -O0  conftest.c >&5
configure:5439: $? = 0
configure:5439: result: yes
configure:5439: checking locale.h presence
configure:5439: gcc -E  conftest.c
configure:5439: $? = 0
configure:5439: result: yes
configure:5439: checking for locale.h
configure:5439: result: yes
configure:5450: checking for LC_MESSAGES
configure:5466: gcc -o conftest -g -O0   conftest.c  >&5
configure:5466: $? = 0
configure:5474: result: yes
configure:5492: checking for CFPreferencesCopyAppValue
configure:5510: gcc -o conftest -g -O0   conftest.c  -Wl,-framework -Wl,CoreFoundation >&5
conftest.c:24:10: fatal error: CoreFoundation/CFPreferences.h: No such file or directory
 #include <CoreFoundation/CFPreferences.h>
          ^~~~~~~~~~~~~~~~~~~~~~~~~~~~~~~~
compilation terminated.
configure:5510: $? = 1
configure: failed program was:
| /* confdefs.h */
| #define PACKAGE_NAME "sixthlab"
| #define PACKAGE_TARNAME "sixthlab"
| #define PACKAGE_VERSION "0.1"
| #define PACKAGE_STRING "sixthlab 0.1"
| #define PACKAGE_BUGREPORT ""
| #define PACKAGE_URL ""
| #define PACKAGE "sixthlab"
| #define VERSION "0.1"
| #define GETTEXT_PACKAGE "sixthlab"
| #define STDC_HEADERS 1
| #define HAVE_SYS_TYPES_H 1
| #define HAVE_SYS_STAT_H 1
| #define HAVE_STDLIB_H 1
| #define HAVE_STRING_H 1
| #define HAVE_MEMORY_H 1
| #define HAVE_STRINGS_H 1
| #define HAVE_INTTYPES_H 1
| #define HAVE_STDINT_H 1
| #define HAVE_UNISTD_H 1
| #define HAVE_LOCALE_H 1
| #define HAVE_LC_MESSAGES 1
| /* end confdefs.h.  */
| #include <CoreFoundation/CFPreferences.h>
| int
| main ()
| {
| CFPreferencesCopyAppValue(NULL, NULL)
|   ;
|   return 0;
| }
configure:5519: result: no
configure:5526: checking for CFLocaleCopyCurrent
configure:5544: gcc -o conftest -g -O0   conftest.c  -Wl,-framework -Wl,CoreFoundation >&5
conftest.c:24:10: fatal error: CoreFoundation/CFLocale.h: No such file or directory
 #include <CoreFoundation/CFLocale.h>
          ^~~~~~~~~~~~~~~~~~~~~~~~~~~
compilation terminated.
configure:5544: $? = 1
configure: failed program was:
| /* confdefs.h */
| #define PACKAGE_NAME "sixthlab"
| #define PACKAGE_TARNAME "sixthlab"
| #define PACKAGE_VERSION "0.1"
| #define PACKAGE_STRING "sixthlab 0.1"
| #define PACKAGE_BUGREPORT ""
| #define PACKAGE_URL ""
| #define PACKAGE "sixthlab"
| #define VERSION "0.1"
| #define GETTEXT_PACKAGE "sixthlab"
| #define STDC_HEADERS 1
| #define HAVE_SYS_TYPES_H 1
| #define HAVE_SYS_STAT_H 1
| #define HAVE_STDLIB_H 1
| #define HAVE_STRING_H 1
| #define HAVE_MEMORY_H 1
| #define HAVE_STRINGS_H 1
| #define HAVE_INTTYPES_H 1
| #define HAVE_STDINT_H 1
| #define HAVE_UNISTD_H 1
| #define HAVE_LOCALE_H 1
| #define HAVE_LC_MESSAGES 1
| /* end confdefs.h.  */
| #include <CoreFoundation/CFLocale.h>
| int
| main ()
| {
| CFLocaleCopyCurrent();
|   ;
|   return 0;
| }
configure:5553: result: no
configure:5567: checking libintl.h usability
configure:5567: gcc -c -g -O0  conftest.c >&5
configure:5567: $? = 0
configure:5567: result: yes
configure:5567: checking libintl.h presence
configure:5567: gcc -E  conftest.c
configure:5567: $? = 0
configure:5567: result: yes
configure:5567: checking for libintl.h
configure:5567: result: yes
configure:5575: checking for ngettext in libc
configure:5593: gcc -o conftest -g -O0   conftest.c  >&5
configure:5593: $? = 0
configure:5602: result: yes
configure:5606: checking for dgettext in libc
configure:5624: gcc -o conftest -g -O0   conftest.c  >&5
configure:5624: $? = 0
configure:5633: result: yes
configure:5640: checking for bind_textdomain_codeset
configure:5640: gcc -o conftest -g -O0   conftest.c  >&5
configure:5640: $? = 0
configure:5640: result: yes
configure:5916: checking for msgfmt
configure:5943: result: /usr/bin/msgfmt
configure:5954: checking for dcgettext
configure:5954: gcc -o conftest -g -O0   conftest.c   >&5
conftest.c:49:6: warning: conflicting types for built-in function 'dcgettext' [-Wbuiltin-declaration-mismatch]
 char dcgettext ();
      ^~~~~~~~~
configure:5954: $? = 0
configure:5954: result: yes
configure:5964: checking if msgfmt accepts -c
configure:5979: $MSGFMT -c -o /dev/null conftest.foo
conftest.foo:3: warning: header field 'Language' missing in header
configure:5982: $? = 0
configure:5984: result: yes
configure:5994: checking for gmsgfmt
configure:6025: result: /usr/bin/msgfmt
configure:6035: checking for xgettext
configure:6062: result: /usr/bin/xgettext
configure:6081: gcc -o conftest -g -O0   conftest.c   >&5
configure:6081: $? = 0
configure:6227: checking build system type
configure:6241: result: x86_64-pc-linux-gnu
configure:6261: checking host system type
configure:6274: result: x86_64-pc-linux-gnu
configure:6373: checking how to print strings
configure:6400: result: printf
configure:6421: checking for a sed that does not truncate output
configure:6485: result: /bin/sed
configure:6503: checking for fgrep
configure:6565: result: /bin/grep -F
configure:6600: checking for ld used by gcc
configure:6667: result: /usr/bin/ld
configure:6674: checking if the linker (/usr/bin/ld) is GNU ld
configure:6689: result: yes
configure:6701: checking for BSD- or MS-compatible name lister (nm)
configure:6755: result: /usr/bin/nm -B
configure:6885: checking the name lister (/usr/bin/nm -B) interface
configure:6892: gcc -c -g -O0  conftest.c >&5
configure:6895: /usr/bin/nm -B "conftest.o"
configure:6898: output
0000000000000000 B some_variable
configure:6905: result: BSD nm
configure:6908: checking whether ln -s works
configure:6912: result: yes
configure:6920: checking the maximum length of command line arguments
configure:7051: result: 1572864
configure:7099: checking how to convert x86_64-pc-linux-gnu file names to x86_64-pc-linux-gnu format
configure:7139: result: func_convert_file_noop
configure:7146: checking how to convert x86_64-pc-linux-gnu file names to toolchain format
configure:7166: result: func_convert_file_noop
configure:7173: checking for /usr/bin/ld option to reload object files
configure:7180: result: -r
configure:7254: checking for objdump
configure:7270: found /usr/bin/objdump
configure:7281: result: objdump
configure:7310: checking how to recognize dependent libraries
configure:7510: result: pass_all
configure:7595: checking for dlltool
configure:7625: result: no
configure:7652: checking how to associate runtime and link libraries
configure:7679: result: printf %s\n
configure:7739: checking for ar
configure:7755: found /usr/bin/ar
configure:7766: result: ar
configure:7803: checking for archiver @FILE support
configure:7820: gcc -c -g -O0  conftest.c >&5
configure:7820: $? = 0
configure:7823: ar cru libconftest.a @conftest.lst >&5
ar: `u' modifier ignored since `D' is the default (see `U')
configure:7826: $? = 0
configure:7831: ar cru libconftest.a @conftest.lst >&5
ar: `u' modifier ignored since `D' is the default (see `U')
ar: conftest.o: No such file or directory
configure:7834: $? = 1
configure:7846: result: @
configure:7904: checking for strip
configure:7920: found /usr/bin/strip
configure:7931: result: strip
configure:8003: checking for ranlib
configure:8019: found /usr/bin/ranlib
configure:8030: result: ranlib
configure:8132: checking command to parse /usr/bin/nm -B output from gcc object
configure:8285: gcc -c -g -O0  conftest.c >&5
configure:8288: $? = 0
configure:8292: /usr/bin/nm -B conftest.o \| sed -n -e 's/^.*[ ]\([ABCDGIRSTW][ABCDGIRSTW]*\)[ ][ ]*\([_A-Za-z][_A-Za-z0-9]*\)$/\1 \2 \2/p' | sed '/ __gnu_lto/d' \> conftest.nm
configure:8295: $? = 0
configure:8361: gcc -o conftest -g -O0   conftest.c conftstm.o >&5
configure:8364: $? = 0
configure:8402: result: ok
configure:8449: checking for sysroot
configure:8479: result: no
configure:8486: checking for a working dd
configure:8524: result: /bin/dd
configure:8528: checking how to truncate binary pipes
configure:8543: result: /bin/dd bs=4096 count=1
configure:8679: gcc -c -g -O0  conftest.c >&5
configure:8682: $? = 0
configure:8872: checking for mt
configure:8888: found /bin/mt
configure:8899: result: mt
configure:8922: checking if mt is a manifest tool
configure:8928: mt '-?'
configure:8936: result: no
configure:9610: checking for dlfcn.h
configure:9610: gcc -c -g -O0  conftest.c >&5
configure:9610: $? = 0
configure:9610: result: yes
configure:10175: checking for objdir
configure:10190: result: .libs
configure:10450: checking if gcc supports -fno-rtti -fno-exceptions
configure:10468: gcc -c -g -O0  -fno-rtti -fno-exceptions conftest.c >&5
cc1: warning: command line option '-fno-rtti' is valid for C++/ObjC++ but not for C
configure:10472: $? = 0
configure:10485: result: no
configure:10843: checking for gcc option to produce PIC
configure:10850: result: -fPIC -DPIC
configure:10858: checking if gcc PIC flag -fPIC -DPIC works
configure:10876: gcc -c -g -O0  -fPIC -DPIC -DPIC conftest.c >&5
configure:10880: $? = 0
configure:10893: result: yes
configure:10922: checking if gcc static flag -static works
configure:10950: result: yes
configure:10965: checking if gcc supports -c -o file.o
configure:10986: gcc -c -g -O0  -o out/conftest2.o conftest.c >&5
configure:10990: $? = 0
configure:11012: result: yes
configure:11020: checking if gcc supports -c -o file.o
configure:11067: result: yes
configure:11100: checking whether the gcc linker (/usr/bin/ld -m elf_x86_64) supports shared libraries
configure:12363: result: yes
configure:12400: checking whether -lc should be explicitly linked in
configure:12408: gcc -c -g -O0  conftest.c >&5
configure:12411: $? = 0
configure:12426: gcc -shared  -fPIC -DPIC conftest.o  -v -Wl,-soname -Wl,conftest -o conftest 2\>\&1 \| /bin/grep  -lc  \>/dev/null 2\>\&1
configure:12429: $? = 0
configure:12443: result: no
configure:12603: checking dynamic linker characteristics
configure:13184: gcc -o conftest -g -O0   -Wl,-rpath -Wl,/foo conftest.c  >&5
configure:13184: $? = 0
configure:13433: result: GNU/Linux ld.so
configure:13555: checking how to hardcode library paths into programs
configure:13580: result: immediate
configure:14128: checking whether stripping libraries is possible
configure:14133: result: yes
configure:14168: checking if libtool supports shared libraries
configure:14170: result: yes
configure:14173: checking whether to build shared libraries
configure:14198: result: yes
configure:14201: checking whether to build static libraries
configure:14205: result: yes
configure:14228: checking how to run the C++ preprocessor
configure:14255: g++ -E  conftest.cpp
configure:14255: $? = 0
configure:14269: g++ -E  conftest.cpp
conftest.cpp:30:10: fatal error: ac_nonexistent.h: No such file or directory
 #include <ac_nonexistent.h>
          ^~~~~~~~~~~~~~~~~~
compilation terminated.
configure:14269: $? = 1
configure: failed program was:
| /* confdefs.h */
| #define PACKAGE_NAME "sixthlab"
| #define PACKAGE_TARNAME "sixthlab"
| #define PACKAGE_VERSION "0.1"
| #define PACKAGE_STRING "sixthlab 0.1"
| #define PACKAGE_BUGREPORT ""
| #define PACKAGE_URL ""
| #define PACKAGE "sixthlab"
| #define VERSION "0.1"
| #define GETTEXT_PACKAGE "sixthlab"
| #define STDC_HEADERS 1
| #define HAVE_SYS_TYPES_H 1
| #define HAVE_SYS_STAT_H 1
| #define HAVE_STDLIB_H 1
| #define HAVE_STRING_H 1
| #define HAVE_MEMORY_H 1
| #define HAVE_STRINGS_H 1
| #define HAVE_INTTYPES_H 1
| #define HAVE_STDINT_H 1
| #define HAVE_UNISTD_H 1
| #define HAVE_LOCALE_H 1
| #define HAVE_LC_MESSAGES 1
| #define HAVE_BIND_TEXTDOMAIN_CODESET 1
| #define HAVE_GETTEXT 1
| #define HAVE_DCGETTEXT 1
| #define ENABLE_NLS 1
| #define HAVE_DLFCN_H 1
| #define LT_OBJDIR ".libs/"
| /* end confdefs.h.  */
| #include <ac_nonexistent.h>
configure:14294: result: g++ -E
configure:14314: g++ -E  conftest.cpp
configure:14314: $? = 0
configure:14328: g++ -E  conftest.cpp
conftest.cpp:30:10: fatal error: ac_nonexistent.h: No such file or directory
 #include <ac_nonexistent.h>
          ^~~~~~~~~~~~~~~~~~
compilation terminated.
configure:14328: $? = 1
configure: failed program was:
| /* confdefs.h */
| #define PACKAGE_NAME "sixthlab"
| #define PACKAGE_TARNAME "sixthlab"
| #define PACKAGE_VERSION "0.1"
| #define PACKAGE_STRING "sixthlab 0.1"
| #define PACKAGE_BUGREPORT ""
| #define PACKAGE_URL ""
| #define PACKAGE "sixthlab"
| #define VERSION "0.1"
| #define GETTEXT_PACKAGE "sixthlab"
| #define STDC_HEADERS 1
| #define HAVE_SYS_TYPES_H 1
| #define HAVE_SYS_STAT_H 1
| #define HAVE_STDLIB_H 1
| #define HAVE_STRING_H 1
| #define HAVE_MEMORY_H 1
| #define HAVE_STRINGS_H 1
| #define HAVE_INTTYPES_H 1
| #define HAVE_STDINT_H 1
| #define HAVE_UNISTD_H 1
| #define HAVE_LOCALE_H 1
| #define HAVE_LC_MESSAGES 1
| #define HAVE_BIND_TEXTDOMAIN_CODESET 1
| #define HAVE_GETTEXT 1
| #define HAVE_DCGETTEXT 1
| #define ENABLE_NLS 1
| #define HAVE_DLFCN_H 1
| #define LT_OBJDIR ".libs/"
| /* end confdefs.h.  */
| #include <ac_nonexistent.h>
configure:14490: checking for ld used by g++
configure:14557: result: /usr/bin/ld -m elf_x86_64
configure:14564: checking if the linker (/usr/bin/ld -m elf_x86_64) is GNU ld
configure:14579: result: yes
configure:14634: checking whether the g++ linker (/usr/bin/ld -m elf_x86_64) supports shared libraries
configure:15707: result: yes
configure:15743: g++ -c -g -O0  conftest.cpp >&5
configure:15746: $? = 0
configure:16227: checking for g++ option to produce PIC
configure:16234: result: -fPIC -DPIC
configure:16242: checking if g++ PIC flag -fPIC -DPIC works
configure:16260: g++ -c -g -O0  -fPIC -DPIC -DPIC conftest.cpp >&5
configure:16264: $? = 0
configure:16277: result: yes
configure:16300: checking if g++ static flag -static works
configure:16328: result: yes
configure:16340: checking if g++ supports -c -o file.o
configure:16361: g++ -c -g -O0  -o out/conftest2.o conftest.cpp >&5
configure:16365: $? = 0
configure:16387: result: yes
configure:16392: checking if g++ supports -c -o file.o
configure:16439: result: yes
configure:16469: checking whether the g++ linker (/usr/bin/ld -m elf_x86_64) supports shared libraries
configure:16512: result: yes
configure:16653: checking dynamic linker characteristics
configure:17410: result: GNU/Linux ld.so
configure:17475: checking how to hardcode library paths into programs
configure:17500: result: immediate
configure:17677: checking that generated files are newer than configure
configure:17683: result: done
configure:17722: creating ./config.status

## ---------------------- ##
## Running config.status. ##
## ---------------------- ##

This file was extended by sixthlab config.status 0.1, which was
generated by GNU Autoconf 2.69.  Invocation command line was

  CONFIG_FILES    = 
  CONFIG_HEADERS  = 
  CONFIG_LINKS    = 
  CONFIG_COMMANDS = 
  $ ./config.status 

on osipova6-l

config.status:1233: creating Makefile
config.status:1233: creating src/Makefile
config.status:1233: creating po/Makefile.in
config.status:1233: creating config.h
config.status:1447: executing depfiles commands
config.status:1447: executing default-1 commands
config.status:1447: executing libtool commands
config.status:1447: executing po/stamp-it commands
configure:20158: WARNING: unrecognized options: --enable-maintainer-mode

## ---------------- ##
## Cache variables. ##
## ---------------- ##

ac_cv_build=x86_64-pc-linux-gnu
ac_cv_c_compiler_gnu=yes
ac_cv_cxx_compiler_gnu=yes
ac_cv_env_CCC_set=
ac_cv_env_CCC_value=
ac_cv_env_CC_set=
ac_cv_env_CC_value=
ac_cv_env_CFLAGS_set=set
ac_cv_env_CFLAGS_value='-g -O0'
ac_cv_env_CPPFLAGS_set=
ac_cv_env_CPPFLAGS_value=
ac_cv_env_CPP_set=
ac_cv_env_CPP_value=
ac_cv_env_CXXCPP_set=
ac_cv_env_CXXCPP_value=
ac_cv_env_CXXFLAGS_set=set
ac_cv_env_CXXFLAGS_value='-g -O0'
ac_cv_env_CXX_set=
ac_cv_env_CXX_value=
ac_cv_env_LDFLAGS_set=
ac_cv_env_LDFLAGS_value=
ac_cv_env_LIBS_set=
ac_cv_env_LIBS_value=
ac_cv_env_LT_SYS_LIBRARY_PATH_set=
ac_cv_env_LT_SYS_LIBRARY_PATH_value=
ac_cv_env_build_alias_set=
ac_cv_env_build_alias_value=
ac_cv_env_host_alias_set=
ac_cv_env_host_alias_value=
ac_cv_env_target_alias_set=
ac_cv_env_target_alias_value=
ac_cv_func_bind_textdomain_codeset=yes
ac_cv_func_dcgettext=yes
ac_cv_header_dlfcn_h=yes
ac_cv_header_inttypes_h=yes
ac_cv_header_libintl_h=yes
ac_cv_header_locale_h=yes
ac_cv_header_memory_h=yes
ac_cv_header_stdc=yes
ac_cv_header_stdint_h=yes
ac_cv_header_stdlib_h=yes
ac_cv_header_string_h=yes
ac_cv_header_strings_h=yes
ac_cv_header_sys_stat_h=yes
ac_cv_header_sys_types_h=yes
ac_cv_header_unistd_h=yes
ac_cv_host=x86_64-pc-linux-gnu
ac_cv_objext=o
ac_cv_path_EGREP='/bin/grep -E'
ac_cv_path_FGREP='/bin/grep -F'
ac_cv_path_GMSGFMT=/usr/bin/msgfmt
ac_cv_path_GREP=/bin/grep
ac_cv_path_INTLTOOL_EXTRACT=/usr/bin/intltool-extract
ac_cv_path_INTLTOOL_MERGE=/usr/bin/intltool-merge
ac_cv_path_INTLTOOL_PERL=/usr/bin/perl
ac_cv_path_INTLTOOL_UPDATE=/usr/bin/intltool-update
ac_cv_path_MSGFMT=/usr/bin/msgfmt
ac_cv_path_MSGMERGE=/usr/bin/msgmerge
ac_cv_path_SED=/bin/sed
ac_cv_path_XGETTEXT=/usr/bin/xgettext
ac_cv_path_install='/usr/bin/install -c'
ac_cv_path_lt_DD=/bin/dd
ac_cv_path_mkdir=/bin/mkdir
ac_cv_prog_AWK=mawk
ac_cv_prog_CPP='gcc -E'
ac_cv_prog_CXXCPP='g++ -E'
ac_cv_prog_ac_ct_AR=ar
ac_cv_prog_ac_ct_CC=gcc
ac_cv_prog_ac_ct_CXX=g++
ac_cv_prog_ac_ct_MANIFEST_TOOL=mt
ac_cv_prog_ac_ct_OBJDUMP=objdump
ac_cv_prog_ac_ct_RANLIB=ranlib
ac_cv_prog_ac_ct_STRIP=strip
ac_cv_prog_cc_c89=
ac_cv_prog_cc_g=yes
ac_cv_prog_cxx_g=yes
ac_cv_prog_make_make_set=yes
am_cv_CC_dependencies_compiler_type=gcc3
am_cv_CXX_dependencies_compiler_type=gcc3
am_cv_make_support_nested_variables=yes
am_cv_prog_cc_c_o=yes
am_cv_val_LC_MESSAGES=yes
gt_cv_func_CFLocaleCopyCurrent=no
gt_cv_func_CFPreferencesCopyAppValue=no
gt_cv_func_dgettext_libc=yes
gt_cv_func_dgettext_libintl=no
gt_cv_func_ngettext_libc=yes
gt_cv_have_gettext=yes
lt_cv_ar_at_file=@
lt_cv_archive_cmds_need_lc=no
lt_cv_deplibs_check_method=pass_all
lt_cv_file_magic_cmd='$MAGIC_CMD'
lt_cv_file_magic_test_file=
lt_cv_ld_reload_flag=-r
lt_cv_nm_interface='BSD nm'
lt_cv_objdir=.libs
lt_cv_path_LD=/usr/bin/ld
lt_cv_path_LDCXX='/usr/bin/ld -m elf_x86_64'
lt_cv_path_NM='/usr/bin/nm -B'
lt_cv_path_mainfest_tool=no
lt_cv_prog_compiler_c_o=yes
lt_cv_prog_compiler_c_o_CXX=yes
lt_cv_prog_compiler_pic='-fPIC -DPIC'
lt_cv_prog_compiler_pic_CXX='-fPIC -DPIC'
lt_cv_prog_compiler_pic_works=yes
lt_cv_prog_compiler_pic_works_CXX=yes
lt_cv_prog_compiler_rtti_exceptions=no
lt_cv_prog_compiler_static_works=yes
lt_cv_prog_compiler_static_works_CXX=yes
lt_cv_prog_gnu_ld=yes
lt_cv_prog_gnu_ldcxx=yes
lt_cv_sharedlib_from_linklib_cmd='printf %s\n'
lt_cv_shlibpath_overrides_runpath=yes
lt_cv_sys_global_symbol_pipe='sed -n -e '\''s/^.*[	 ]\([ABCDGIRSTW][ABCDGIRSTW]*\)[	 ][	 ]*\([_A-Za-z][_A-Za-z0-9]*\)$/\1 \2 \2/p'\'' | sed '\''/ __gnu_lto/d'\'''
lt_cv_sys_global_symbol_to_c_name_address='sed -n -e '\''s/^: \(.*\) .*$/  {"\1", (void *) 0},/p'\'' -e '\''s/^[ABCDGIRSTW][ABCDGIRSTW]* .* \(.*\)$/  {"\1", (void *) \&\1},/p'\'''
lt_cv_sys_global_symbol_to_c_name_address_lib_prefix='sed -n -e '\''s/^: \(.*\) .*$/  {"\1", (void *) 0},/p'\'' -e '\''s/^[ABCDGIRSTW][ABCDGIRSTW]* .* \(lib.*\)$/  {"\1", (void *) \&\1},/p'\'' -e '\''s/^[ABCDGIRSTW][ABCDGIRSTW]* .* \(.*\)$/  {"lib\1", (void *) \&\1},/p'\'''
lt_cv_sys_global_symbol_to_cdecl='sed -n -e '\''s/^T .* \(.*\)$/extern int \1();/p'\'' -e '\''s/^[ABCDGIRSTW][ABCDGIRSTW]* .* \(.*\)$/extern char \1;/p'\'''
lt_cv_sys_global_symbol_to_import=
lt_cv_sys_max_cmd_len=1572864
lt_cv_to_host_file_cmd=func_convert_file_noop
lt_cv_to_tool_file_cmd=func_convert_file_noop
lt_cv_truncate_bin='/bin/dd bs=4096 count=1'

## ----------------- ##
## Output variables. ##
## ----------------- ##

ACLOCAL='${SHELL} /home/ITRANSITION.CORP/a6.osipov/sixthlab/missing aclocal-1.15'
ALL_LINGUAS=''
AMDEPBACKSLASH='\'
AMDEP_FALSE='#'
AMDEP_TRUE=''
AMTAR='$${TAR-tar}'
AM_BACKSLASH='\'
AM_DEFAULT_V='$(AM_DEFAULT_VERBOSITY)'
AM_DEFAULT_VERBOSITY='0'
AM_V='$(V)'
AR='ar'
AS='as'
AUTOCONF='${SHELL} /home/ITRANSITION.CORP/a6.osipov/sixthlab/missing autoconf'
AUTOHEADER='${SHELL} /home/ITRANSITION.CORP/a6.osipov/sixthlab/missing autoheader'
AUTOMAKE='${SHELL} /home/ITRANSITION.CORP/a6.osipov/sixthlab/missing automake-1.15'
AWK='mawk'
CATALOGS=''
CATOBJEXT='.gmo'
CC='gcc'
CCDEPMODE='depmode=gcc3'
CFLAGS='-g -O0'
CPP='gcc -E'
CPPFLAGS=''
CXX='g++'
CXXCPP='g++ -E'
CXXDEPMODE='depmode=gcc3'
CXXFLAGS='-g -O0'
CYGPATH_W='echo'
DATADIRNAME='share'
DEFS='-DHAVE_CONFIG_H'
DEPDIR='.deps'
DLLTOOL='false'
DSYMUTIL=''
DUMPBIN=''
ECHO_C=''
ECHO_N='-n'
ECHO_T=''
EGREP='/bin/grep -E'
EXEEXT=''
FGREP='/bin/grep -F'
GETTEXT_PACKAGE='sixthlab'
GMOFILES=''
GMSGFMT='/usr/bin/msgfmt'
GREP='/bin/grep'
INSTALL_DATA='${INSTALL} -m 644'
INSTALL_PROGRAM='${INSTALL}'
INSTALL_SCRIPT='${INSTALL}'
INSTALL_STRIP_PROGRAM='$(install_sh) -c -s'
INSTOBJEXT='.mo'
INTLLIBS=''
INTLTOOL_CAVES_RULE='%.caves:     %.caves.in     $(INTLTOOL_MERGE) $(wildcard $(top_srcdir)/po/*.po) ; $(INTLTOOL_V_MERGE)LC_ALL=C $(INTLTOOL_MERGE) $(INTLTOOL_V_MERGE_OPTIONS) -d -u -c $(top_builddir)/po/.intltool-merge-cache $(top_srcdir)/po $< $@'
INTLTOOL_DESKTOP_RULE='%.desktop:   %.desktop.in   $(INTLTOOL_MERGE) $(wildcard $(top_srcdir)/po/*.po) ; $(INTLTOOL_V_MERGE)LC_ALL=C $(INTLTOOL_MERGE) $(INTLTOOL_V_MERGE_OPTIONS) -d -u -c $(top_builddir)/po/.intltool-merge-cache $(top_srcdir)/po $< $@'
INTLTOOL_DIRECTORY_RULE='%.directory: %.directory.in $(INTLTOOL_MERGE) $(wildcard $(top_srcdir)/po/*.po) ; $(INTLTOOL_V_MERGE)LC_ALL=C $(INTLTOOL_MERGE) $(INTLTOOL_V_MERGE_OPTIONS) -d -u -c $(top_builddir)/po/.intltool-merge-cache $(top_srcdir)/po $< $@'
INTLTOOL_EXTRACT='/usr/bin/intltool-extract'
INTLTOOL_KBD_RULE='%.kbd:       %.kbd.in       $(INTLTOOL_MERGE) $(wildcard $(top_srcdir)/po/*.po) ; $(INTLTOOL_V_MERGE)LC_ALL=C $(INTLTOOL_MERGE) $(INTLTOOL_V_MERGE_OPTIONS) -x -u -m -c $(top_builddir)/po/.intltool-merge-cache $(top_srcdir)/po $< $@'
INTLTOOL_KEYS_RULE='%.keys:      %.keys.in      $(INTLTOOL_MERGE) $(wildcard $(top_srcdir)/po/*.po) ; $(INTLTOOL_V_MERGE)LC_ALL=C $(INTLTOOL_MERGE) $(INTLTOOL_V_MERGE_OPTIONS) -k -u -c $(top_builddir)/po/.intltool-merge-cache $(top_srcdir)/po $< $@'
INTLTOOL_MERGE='/usr/bin/intltool-merge'
INTLTOOL_OAF_RULE='%.oaf:       %.oaf.in       $(INTLTOOL_MERGE) $(wildcard $(top_srcdir)/po/*.po) ; $(INTLTOOL_V_MERGE)LC_ALL=C $(INTLTOOL_MERGE) $(INTLTOOL_V_MERGE_OPTIONS) -o -p $(top_srcdir)/po $< $@'
INTLTOOL_PERL='/usr/bin/perl'
INTLTOOL_POLICY_RULE='%.policy:    %.policy.in    $(INTLTOOL_MERGE) $(wildcard $(top_srcdir)/po/*.po) ; $(INTLTOOL_V_MERGE)LC_ALL=C $(INTLTOOL_MERGE) $(INTLTOOL_V_MERGE_OPTIONS) -x -u -c $(top_builddir)/po/.intltool-merge-cache $(top_srcdir)/po $< $@'
INTLTOOL_PONG_RULE='%.pong:      %.pong.in      $(INTLTOOL_MERGE) $(wildcard $(top_srcdir)/po/*.po) ; $(INTLTOOL_V_MERGE)LC_ALL=C $(INTLTOOL_MERGE) $(INTLTOOL_V_MERGE_OPTIONS) -x -u -c $(top_builddir)/po/.intltool-merge-cache $(top_srcdir)/po $< $@'
INTLTOOL_PROP_RULE='%.prop:      %.prop.in      $(INTLTOOL_MERGE) $(wildcard $(top_srcdir)/po/*.po) ; $(INTLTOOL_V_MERGE)LC_ALL=C $(INTLTOOL_MERGE) $(INTLTOOL_V_MERGE_OPTIONS) -d -u -c $(top_builddir)/po/.intltool-merge-cache $(top_srcdir)/po $< $@'
INTLTOOL_SCHEMAS_RULE='%.schemas:   %.schemas.in   $(INTLTOOL_MERGE) $(wildcard $(top_srcdir)/po/*.po) ; $(INTLTOOL_V_MERGE)LC_ALL=C $(INTLTOOL_MERGE) $(INTLTOOL_V_MERGE_OPTIONS) -s -u -c $(top_builddir)/po/.intltool-merge-cache $(top_srcdir)/po $< $@'
INTLTOOL_SERVER_RULE='%.server:    %.server.in    $(INTLTOOL_MERGE) $(wildcard $(top_srcdir)/po/*.po) ; $(INTLTOOL_V_MERGE)LC_ALL=C $(INTLTOOL_MERGE) $(INTLTOOL_V_MERGE_OPTIONS) -o -u -c $(top_builddir)/po/.intltool-merge-cache $(top_srcdir)/po $< $@'
INTLTOOL_SERVICE_RULE='%.service: %.service.in   $(INTLTOOL_MERGE) $(wildcard $(top_srcdir)/po/*.po) ; $(INTLTOOL_V_MERGE)LC_ALL=C $(INTLTOOL_MERGE) $(INTLTOOL_V_MERGE_OPTIONS) -d -u -c $(top_builddir)/po/.intltool-merge-cache $(top_srcdir)/po $< $@'
INTLTOOL_SHEET_RULE='%.sheet:     %.sheet.in     $(INTLTOOL_MERGE) $(wildcard $(top_srcdir)/po/*.po) ; $(INTLTOOL_V_MERGE)LC_ALL=C $(INTLTOOL_MERGE) $(INTLTOOL_V_MERGE_OPTIONS) -x -u -c $(top_builddir)/po/.intltool-merge-cache $(top_srcdir)/po $< $@'
INTLTOOL_SOUNDLIST_RULE='%.soundlist: %.soundlist.in $(INTLTOOL_MERGE) $(wildcard $(top_srcdir)/po/*.po) ; $(INTLTOOL_V_MERGE)LC_ALL=C $(INTLTOOL_MERGE) $(INTLTOOL_V_MERGE_OPTIONS) -d -u -c $(top_builddir)/po/.intltool-merge-cache $(top_srcdir)/po $< $@'
INTLTOOL_THEME_RULE='%.theme:     %.theme.in     $(INTLTOOL_MERGE) $(wildcard $(top_srcdir)/po/*.po) ; $(INTLTOOL_V_MERGE)LC_ALL=C $(INTLTOOL_MERGE) $(INTLTOOL_V_MERGE_OPTIONS) -d -u -c $(top_builddir)/po/.intltool-merge-cache $(top_srcdir)/po $< $@'
INTLTOOL_UI_RULE='%.ui:        %.ui.in        $(INTLTOOL_MERGE) $(wildcard $(top_srcdir)/po/*.po) ; $(INTLTOOL_V_MERGE)LC_ALL=C $(INTLTOOL_MERGE) $(INTLTOOL_V_MERGE_OPTIONS) -x -u -c $(top_builddir)/po/.intltool-merge-cache $(top_srcdir)/po $< $@'
INTLTOOL_UPDATE='/usr/bin/intltool-update'
INTLTOOL_V_MERGE='$(INTLTOOL__v_MERGE_$(V))'
INTLTOOL_V_MERGE_OPTIONS='$(intltool__v_merge_options_$(V))'
INTLTOOL_XAM_RULE='%.xam:       %.xml.in       $(INTLTOOL_MERGE) $(wildcard $(top_srcdir)/po/*.po) ; $(INTLTOOL_V_MERGE)LC_ALL=C $(INTLTOOL_MERGE) $(INTLTOOL_V_MERGE_OPTIONS) -x -u -c $(top_builddir)/po/.intltool-merge-cache $(top_srcdir)/po $< $@'
INTLTOOL_XML_NOMERGE_RULE='%.xml:       %.xml.in       $(INTLTOOL_MERGE) ; $(INTLTOOL_V_MERGE)LC_ALL=C $(INTLTOOL_MERGE) $(INTLTOOL_V_MERGE_OPTIONS) -x -u --no-translations $< $@'
INTLTOOL_XML_RULE='%.xml:       %.xml.in       $(INTLTOOL_MERGE) $(wildcard $(top_srcdir)/po/*.po) ; $(INTLTOOL_V_MERGE)LC_ALL=C $(INTLTOOL_MERGE) $(INTLTOOL_V_MERGE_OPTIONS) -x -u -c $(top_builddir)/po/.intltool-merge-cache $(top_srcdir)/po $< $@'
INTLTOOL__v_MERGE_0='@echo "  ITMRG " $@;'
INTLTOOL__v_MERGE_='$(INTLTOOL__v_MERGE_$(AM_DEFAULT_VERBOSITY))'
INTL_MACOSX_LIBS=''
LD='/usr/bin/ld -m elf_x86_64'
LDFLAGS=''
LIBOBJS=''
LIBS=''
LIBTOOL='$(SHELL) $(top_builddir)/libtool'
LIPO=''
LN_S='ln -s'
LTLIBOBJS=''
LT_SYS_LIBRARY_PATH=''
MAKEINFO='${SHELL} /home/ITRANSITION.CORP/a6.osipov/sixthlab/missing makeinfo'
MANIFEST_TOOL=':'
MKDIR_P='/bin/mkdir -p'
MKINSTALLDIRS='/home/ITRANSITION.CORP/a6.osipov/sixthlab/mkinstalldirs'
MSGFMT='/usr/bin/msgfmt'
MSGFMT_OPTS='-c'
MSGMERGE='/usr/bin/msgmerge'
NATIVE_WIN32_FALSE=''
NATIVE_WIN32_TRUE='#'
NM='/usr/bin/nm -B'
NMEDIT=''
OBJDUMP='objdump'
OBJEXT='o'
OTOOL64=''
OTOOL=''
PACKAGE='sixthlab'
PACKAGE_BUGREPORT=''
PACKAGE_NAME='sixthlab'
PACKAGE_STRING='sixthlab 0.1'
PACKAGE_TARNAME='sixthlab'
PACKAGE_URL=''
PACKAGE_VERSION='0.1'
PATH_SEPARATOR=':'
PLATFORM_WIN32_FALSE=''
PLATFORM_WIN32_TRUE='#'
POFILES=''
POSUB='po'
PO_IN_DATADIR_FALSE=''
PO_IN_DATADIR_TRUE=''
RANLIB='ranlib'
SED='/bin/sed'
SET_MAKE=''
SHELL='/bin/bash'
STRIP='strip'
USE_NLS='yes'
VERSION='0.1'
XGETTEXT='/usr/bin/xgettext'
ac_ct_AR='ar'
ac_ct_CC='gcc'
ac_ct_CXX='g++'
ac_ct_DUMPBIN=''
am__EXEEXT_FALSE=''
am__EXEEXT_TRUE='#'
am__fastdepCC_FALSE='#'
am__fastdepCC_TRUE=''
am__fastdepCXX_FALSE='#'
am__fastdepCXX_TRUE=''
am__include='include'
am__isrc=' -I$(srcdir)'
am__leading_dot='.'
am__nodep='_no'
am__quote=''
am__tar='$${TAR-tar} chof - "$$tardir"'
am__untar='$${TAR-tar} xf -'
bindir='${exec_prefix}/bin'
build='x86_64-pc-linux-gnu'
build_alias=''
build_cpu='x86_64'
build_os='linux-gnu'
build_vendor='pc'
datadir='${datarootdir}'
datarootdir='${prefix}/share'
docdir='${datarootdir}/doc/${PACKAGE_TARNAME}'
dvidir='${docdir}'
exec_prefix='${prefix}'
host='x86_64-pc-linux-gnu'
host_alias=''
host_cpu='x86_64'
host_os='linux-gnu'
host_vendor='pc'
htmldir='${docdir}'
includedir='${prefix}/include'
infodir='${datarootdir}/info'
install_sh='${SHELL} /home/ITRANSITION.CORP/a6.osipov/sixthlab/install-sh'
intltool__v_merge_options_0='-q'
intltool__v_merge_options_='$(intltool__v_merge_options_$(AM_DEFAULT_VERBOSITY))'
libdir='${exec_prefix}/lib'
libexecdir='${exec_prefix}/libexec'
localedir='${datarootdir}/locale'
localstatedir='${prefix}/var'
mandir='${datarootdir}/man'
mkdir_p='$(MKDIR_P)'
oldincludedir='/usr/include'
pdfdir='${docdir}'
prefix='/usr/local'
program_transform_name='s,x,x,'
psdir='${docdir}'
runstatedir='${localstatedir}/run'
sbindir='${exec_prefix}/sbin'
sharedstatedir='${prefix}/com'
sysconfdir='${prefix}/etc'
target_alias=''

## ----------- ##
## confdefs.h. ##
## ----------- ##

/* confdefs.h */
#define PACKAGE_NAME "sixthlab"
#define PACKAGE_TARNAME "sixthlab"
#define PACKAGE_VERSION "0.1"
#define PACKAGE_STRING "sixthlab 0.1"
#define PACKAGE_BUGREPORT ""
#define PACKAGE_URL ""
#define PACKAGE "sixthlab"
#define VERSION "0.1"
#define GETTEXT_PACKAGE "sixthlab"
#define STDC_HEADERS 1
#define HAVE_SYS_TYPES_H 1
#define HAVE_SYS_STAT_H 1
#define HAVE_STDLIB_H 1
#define HAVE_STRING_H 1
#define HAVE_MEMORY_H 1
#define HAVE_STRINGS_H 1
#define HAVE_INTTYPES_H 1
#define HAVE_STDINT_H 1
#define HAVE_UNISTD_H 1
#define HAVE_LOCALE_H 1
#define HAVE_LC_MESSAGES 1
#define HAVE_BIND_TEXTDOMAIN_CODESET 1
#define HAVE_GETTEXT 1
#define HAVE_DCGETTEXT 1
#define ENABLE_NLS 1
#define HAVE_DLFCN_H 1
#define LT_OBJDIR ".libs/"

configure: exit 0
