This file contains any messages produced by compilers while
running configure, to aid debugging if configure makes a mistake.

It was created by thirdlab configure 0.1, which was
generated by GNU Autoconf 2.69.  Invocation command line was

  $ /home/ITRANSITION.CORP/a6.osipov/thirdlab/configure --enable-maintainer-mode

## --------- ##
## Platform. ##
## --------- ##

hostname = osipova6-l
uname -m = x86_64
uname -r = 4.15.0-45-generic
uname -s = Linux
uname -v = #48-Ubuntu SMP Tue Jan 29 16:28:13 UTC 2019

/usr/bin/uname -p = unknown
/bin/uname -X     = unknown

/bin/arch              = unknown
/usr/bin/arch -k       = unknown
/usr/convex/getsysinfo = unknown
/usr/bin/hostinfo      = unknown
/bin/machine           = unknown
/usr/bin/oslevel       = unknown
/bin/universe          = unknown

PATH: /home/ITRANSITION.CORP/a6.osipov/.local/bin
PATH: /usr/local/sbin
PATH: /usr/local/bin
PATH: /usr/sbin
PATH: /usr/bin
PATH: /sbin
PATH: /bin
PATH: /usr/games
PATH: /usr/local/games
PATH: /snap/bin


## ----------- ##
## Core tests. ##
## ----------- ##

configure:2452: checking for a BSD-compatible install
configure:2520: result: /usr/bin/install -c
configure:2531: checking whether build environment is sane
configure:2586: result: yes
configure:2737: checking for a thread-safe mkdir -p
configure:2776: result: /bin/mkdir -p
configure:2783: checking for gawk
configure:2813: result: no
configure:2783: checking for mawk
configure:2799: found /usr/bin/mawk
configure:2810: result: mawk
configure:2821: checking whether make sets $(MAKE)
configure:2843: result: yes
configure:2872: checking whether make supports nested variables
configure:2889: result: yes
configure:3027: checking whether make supports nested variables
configure:3044: result: yes
configure:3114: checking for g++
configure:3130: found /usr/bin/g++
configure:3141: result: g++
configure:3168: checking for C++ compiler version
configure:3177: g++ --version >&5
g++ (Ubuntu 7.3.0-27ubuntu1~18.04) 7.3.0
Copyright (C) 2017 Free Software Foundation, Inc.
This is free software; see the source for copying conditions.  There is NO
warranty; not even for MERCHANTABILITY or FITNESS FOR A PARTICULAR PURPOSE.

configure:3188: $? = 0
configure:3177: g++ -v >&5
Using built-in specs.
COLLECT_GCC=g++
COLLECT_LTO_WRAPPER=/usr/lib/gcc/x86_64-linux-gnu/7/lto-wrapper
OFFLOAD_TARGET_NAMES=nvptx-none
OFFLOAD_TARGET_DEFAULT=1
Target: x86_64-linux-gnu
Configured with: ../src/configure -v --with-pkgversion='Ubuntu 7.3.0-27ubuntu1~18.04' --with-bugurl=file:///usr/share/doc/gcc-7/README.Bugs --enable-languages=c,ada,c++,go,brig,d,fortran,objc,obj-c++ --prefix=/usr --with-gcc-major-version-only --program-suffix=-7 --program-prefix=x86_64-linux-gnu- --enable-shared --enable-linker-build-id --libexecdir=/usr/lib --without-included-gettext --enable-threads=posix --libdir=/usr/lib --enable-nls --with-sysroot=/ --enable-clocale=gnu --enable-libstdcxx-debug --enable-libstdcxx-time=yes --with-default-libstdcxx-abi=new --enable-gnu-unique-object --disable-vtable-verify --enable-libmpx --enable-plugin --enable-default-pie --with-system-zlib --with-target-system-zlib --enable-objc-gc=auto --enable-multiarch --disable-werror --with-arch-32=i686 --with-abi=m64 --with-multilib-list=m32,m64,mx32 --enable-multilib --with-tune=generic --enable-offload-targets=nvptx-none --without-cuda-driver --enable-checking=release --build=x86_64-linux-gnu --host=x86_64-linux-gnu --target=x86_64-linux-gnu
Thread model: posix
gcc version 7.3.0 (Ubuntu 7.3.0-27ubuntu1~18.04) 
configure:3188: $? = 0
configure:3177: g++ -V >&5
g++: error: unrecognized command line option '-V'
g++: fatal error: no input files
compilation terminated.
configure:3188: $? = 1
configure:3177: g++ -qversion >&5
g++: error: unrecognized command line option '-qversion'; did you mean '--version'?
g++: fatal error: no input files
compilation terminated.
configure:3188: $? = 1
configure:3208: checking whether the C++ compiler works
configure:3230: g++    conftest.cpp  >&5
configure:3234: $? = 0
configure:3282: result: yes
configure:3285: checking for C++ compiler default output file name
configure:3287: result: a.out
configure:3293: checking for suffix of executables
configure:3300: g++ -o conftest    conftest.cpp  >&5
configure:3304: $? = 0
configure:3326: result: 
configure:3348: checking whether we are cross compiling
configure:3356: g++ -o conftest    conftest.cpp  >&5
configure:3360: $? = 0
configure:3367: ./conftest
configure:3371: $? = 0
configure:3386: result: no
configure:3391: checking for suffix of object files
configure:3413: g++ -c   conftest.cpp >&5
configure:3417: $? = 0
configure:3438: result: o
configure:3442: checking whether we are using the GNU C++ compiler
configure:3461: g++ -c   conftest.cpp >&5
configure:3461: $? = 0
configure:3470: result: yes
configure:3479: checking whether g++ accepts -g
configure:3499: g++ -c -g  conftest.cpp >&5
configure:3499: $? = 0
configure:3540: result: yes
configure:3574: checking for style of include used by make
configure:3602: result: GNU
configure:3628: checking dependency style of g++
configure:3739: result: gcc3
configure:3759: checking whether NLS is requested
configure:3768: result: yes
configure:3786: checking for intltool >= 0.35.0
configure:3788: result: 0.51.0 found
configure:3796: checking for intltool-update
configure:3814: found /usr/bin/intltool-update
configure:3826: result: /usr/bin/intltool-update
configure:3836: checking for intltool-merge
configure:3854: found /usr/bin/intltool-merge
configure:3866: result: /usr/bin/intltool-merge
configure:3876: checking for intltool-extract
configure:3894: found /usr/bin/intltool-extract
configure:3906: result: /usr/bin/intltool-extract
configure:4060: checking for xgettext
configure:4078: found /usr/bin/xgettext
configure:4090: result: /usr/bin/xgettext
configure:4100: checking for msgmerge
configure:4118: found /usr/bin/msgmerge
configure:4130: result: /usr/bin/msgmerge
configure:4140: checking for msgfmt
configure:4158: found /usr/bin/msgfmt
configure:4170: result: /usr/bin/msgfmt
configure:4180: checking for gmsgfmt
configure:4211: result: /usr/bin/msgfmt
configure:4231: checking for perl
configure:4249: found /usr/bin/perl
configure:4261: result: /usr/bin/perl
configure:4272: checking for perl >= 5.8.1
configure:4279: result: 5.26.1
configure:4283: checking for XML::Parser
configure:4286: result: ok
configure:4355: checking for gcc
configure:4371: found /usr/bin/gcc
configure:4382: result: gcc
configure:4611: checking for C compiler version
configure:4620: gcc --version >&5
gcc (Ubuntu 7.3.0-27ubuntu1~18.04) 7.3.0
Copyright (C) 2017 Free Software Foundation, Inc.
This is free software; see the source for copying conditions.  There is NO
warranty; not even for MERCHANTABILITY or FITNESS FOR A PARTICULAR PURPOSE.

configure:4631: $? = 0
configure:4620: gcc -v >&5
Using built-in specs.
COLLECT_GCC=gcc
COLLECT_LTO_WRAPPER=/usr/lib/gcc/x86_64-linux-gnu/7/lto-wrapper
OFFLOAD_TARGET_NAMES=nvptx-none
OFFLOAD_TARGET_DEFAULT=1
Target: x86_64-linux-gnu
Configured with: ../src/configure -v --with-pkgversion='Ubuntu 7.3.0-27ubuntu1~18.04' --with-bugurl=file:///usr/share/doc/gcc-7/README.Bugs --enable-languages=c,ada,c++,go,brig,d,fortran,objc,obj-c++ --prefix=/usr --with-gcc-major-version-only --program-suffix=-7 --program-prefix=x86_64-linux-gnu- --enable-shared --enable-linker-build-id --libexecdir=/usr/lib --without-included-gettext --enable-threads=posix --libdir=/usr/lib --enable-nls --with-sysroot=/ --enable-clocale=gnu --enable-libstdcxx-debug --enable-libstdcxx-time=yes --with-default-libstdcxx-abi=new --enable-gnu-unique-object --disable-vtable-verify --enable-libmpx --enable-plugin --enable-default-pie --with-system-zlib --with-target-system-zlib --enable-objc-gc=auto --enable-multiarch --disable-werror --with-arch-32=i686 --with-abi=m64 --with-multilib-list=m32,m64,mx32 --enable-multilib --with-tune=generic --enable-offload-targets=nvptx-none --without-cuda-driver --enable-checking=release --build=x86_64-linux-gnu --host=x86_64-linux-gnu --target=x86_64-linux-gnu
Thread model: posix
gcc version 7.3.0 (Ubuntu 7.3.0-27ubuntu1~18.04) 
configure:4631: $? = 0
configure:4620: gcc -V >&5
gcc: error: unrecognized command line option '-V'
gcc: fatal error: no input files
compilation terminated.
configure:4631: $? = 1
configure:4620: gcc -qversion >&5
gcc: error: unrecognized command line option '-qversion'; did you mean '--version'?
gcc: fatal error: no input files
compilation terminated.
configure:4631: $? = 1
configure:4635: checking whether we are using the GNU C compiler
configure:4654: gcc -c   conftest.c >&5
configure:4654: $? = 0
configure:4663: result: yes
configure:4672: checking whether gcc accepts -g
configure:4692: gcc -c -g  conftest.c >&5
configure:4692: $? = 0
configure:4733: result: yes
configure:4750: checking for gcc option to accept ISO C89
configure:4813: gcc  -c -g -O2  conftest.c >&5
configure:4813: $? = 0
configure:4826: result: none needed
configure:4851: checking whether gcc understands -c and -o together
configure:4873: gcc -c conftest.c -o conftest2.o
configure:4876: $? = 0
configure:4873: gcc -c conftest.c -o conftest2.o
configure:4876: $? = 0
configure:4888: result: yes
configure:4907: checking dependency style of gcc
configure:5018: result: gcc3
configure:5039: checking how to run the C preprocessor
configure:5070: gcc -E  conftest.c
configure:5070: $? = 0
configure:5084: gcc -E  conftest.c
conftest.c:12:10: fatal error: ac_nonexistent.h: No such file or directory
 #include <ac_nonexistent.h>
          ^~~~~~~~~~~~~~~~~~
compilation terminated.
configure:5084: $? = 1
configure: failed program was:
| /* confdefs.h */
| #define PACKAGE_NAME "thirdlab"
| #define PACKAGE_TARNAME "thirdlab"
| #define PACKAGE_VERSION "0.1"
| #define PACKAGE_STRING "thirdlab 0.1"
| #define PACKAGE_BUGREPORT ""
| #define PACKAGE_URL ""
| #define PACKAGE "thirdlab"
| #define VERSION "0.1"
| #define GETTEXT_PACKAGE "thirdlab"
| /* end confdefs.h.  */
| #include <ac_nonexistent.h>
configure:5109: result: gcc -E
configure:5129: gcc -E  conftest.c
configure:5129: $? = 0
configure:5143: gcc -E  conftest.c
conftest.c:12:10: fatal error: ac_nonexistent.h: No such file or directory
 #include <ac_nonexistent.h>
          ^~~~~~~~~~~~~~~~~~
compilation terminated.
configure:5143: $? = 1
configure: failed program was:
| /* confdefs.h */
| #define PACKAGE_NAME "thirdlab"
| #define PACKAGE_TARNAME "thirdlab"
| #define PACKAGE_VERSION "0.1"
| #define PACKAGE_STRING "thirdlab 0.1"
| #define PACKAGE_BUGREPORT ""
| #define PACKAGE_URL ""
| #define PACKAGE "thirdlab"
| #define VERSION "0.1"
| #define GETTEXT_PACKAGE "thirdlab"
| /* end confdefs.h.  */
| #include <ac_nonexistent.h>
configure:5172: checking for grep that handles long lines and -e
configure:5230: result: /bin/grep
configure:5235: checking for egrep
configure:5297: result: /bin/grep -E
configure:5302: checking for ANSI C header files
configure:5322: gcc -c -g -O2  conftest.c >&5
configure:5322: $? = 0
configure:5395: gcc -o conftest -g -O2   conftest.c  >&5
configure:5395: $? = 0
configure:5395: ./conftest
configure:5395: $? = 0
configure:5406: result: yes
configure:5419: checking for sys/types.h
configure:5419: gcc -c -g -O2  conftest.c >&5
configure:5419: $? = 0
configure:5419: result: yes
configure:5419: checking for sys/stat.h
configure:5419: gcc -c -g -O2  conftest.c >&5
configure:5419: $? = 0
configure:5419: result: yes
configure:5419: checking for stdlib.h
configure:5419: gcc -c -g -O2  conftest.c >&5
configure:5419: $? = 0
configure:5419: result: yes
configure:5419: checking for string.h
configure:5419: gcc -c -g -O2  conftest.c >&5
configure:5419: $? = 0
configure:5419: result: yes
configure:5419: checking for memory.h
configure:5419: gcc -c -g -O2  conftest.c >&5
configure:5419: $? = 0
configure:5419: result: yes
configure:5419: checking for strings.h
configure:5419: gcc -c -g -O2  conftest.c >&5
configure:5419: $? = 0
configure:5419: result: yes
configure:5419: checking for inttypes.h
configure:5419: gcc -c -g -O2  conftest.c >&5
configure:5419: $? = 0
configure:5419: result: yes
configure:5419: checking for stdint.h
configure:5419: gcc -c -g -O2  conftest.c >&5
configure:5419: $? = 0
configure:5419: result: yes
configure:5419: checking for unistd.h
configure:5419: gcc -c -g -O2  conftest.c >&5
configure:5419: $? = 0
configure:5419: result: yes
configure:5434: checking locale.h usability
configure:5434: gcc -c -g -O2  conftest.c >&5
configure:5434: $? = 0
configure:5434: result: yes
configure:5434: checking locale.h presence
configure:5434: gcc -E  conftest.c
configure:5434: $? = 0
configure:5434: result: yes
configure:5434: checking for locale.h
configure:5434: result: yes
configure:5445: checking for LC_MESSAGES
configure:5461: gcc -o conftest -g -O2   conftest.c  >&5
configure:5461: $? = 0
configure:5469: result: yes
configure:5487: checking for CFPreferencesCopyAppValue
configure:5505: gcc -o conftest -g -O2   conftest.c  -Wl,-framework -Wl,CoreFoundation >&5
conftest.c:24:10: fatal error: CoreFoundation/CFPreferences.h: No such file or directory
 #include <CoreFoundation/CFPreferences.h>
          ^~~~~~~~~~~~~~~~~~~~~~~~~~~~~~~~
compilation terminated.
configure:5505: $? = 1
configure: failed program was:
| /* confdefs.h */
| #define PACKAGE_NAME "thirdlab"
| #define PACKAGE_TARNAME "thirdlab"
| #define PACKAGE_VERSION "0.1"
| #define PACKAGE_STRING "thirdlab 0.1"
| #define PACKAGE_BUGREPORT ""
| #define PACKAGE_URL ""
| #define PACKAGE "thirdlab"
| #define VERSION "0.1"
| #define GETTEXT_PACKAGE "thirdlab"
| #define STDC_HEADERS 1
| #define HAVE_SYS_TYPES_H 1
| #define HAVE_SYS_STAT_H 1
| #define HAVE_STDLIB_H 1
| #define HAVE_STRING_H 1
| #define HAVE_MEMORY_H 1
| #define HAVE_STRINGS_H 1
| #define HAVE_INTTYPES_H 1
| #define HAVE_STDINT_H 1
| #define HAVE_UNISTD_H 1
| #define HAVE_LOCALE_H 1
| #define HAVE_LC_MESSAGES 1
| /* end confdefs.h.  */
| #include <CoreFoundation/CFPreferences.h>
| int
| main ()
| {
| CFPreferencesCopyAppValue(NULL, NULL)
|   ;
|   return 0;
| }
configure:5514: result: no
configure:5521: checking for CFLocaleCopyCurrent
configure:5539: gcc -o conftest -g -O2   conftest.c  -Wl,-framework -Wl,CoreFoundation >&5
conftest.c:24:10: fatal error: CoreFoundation/CFLocale.h: No such file or directory
 #include <CoreFoundation/CFLocale.h>
          ^~~~~~~~~~~~~~~~~~~~~~~~~~~
compilation terminated.
configure:5539: $? = 1
configure: failed program was:
| /* confdefs.h */
| #define PACKAGE_NAME "thirdlab"
| #define PACKAGE_TARNAME "thirdlab"
| #define PACKAGE_VERSION "0.1"
| #define PACKAGE_STRING "thirdlab 0.1"
| #define PACKAGE_BUGREPORT ""
| #define PACKAGE_URL ""
| #define PACKAGE "thirdlab"
| #define VERSION "0.1"
| #define GETTEXT_PACKAGE "thirdlab"
| #define STDC_HEADERS 1
| #define HAVE_SYS_TYPES_H 1
| #define HAVE_SYS_STAT_H 1
| #define HAVE_STDLIB_H 1
| #define HAVE_STRING_H 1
| #define HAVE_MEMORY_H 1
| #define HAVE_STRINGS_H 1
| #define HAVE_INTTYPES_H 1
| #define HAVE_STDINT_H 1
| #define HAVE_UNISTD_H 1
| #define HAVE_LOCALE_H 1
| #define HAVE_LC_MESSAGES 1
| /* end confdefs.h.  */
| #include <CoreFoundation/CFLocale.h>
| int
| main ()
| {
| CFLocaleCopyCurrent();
|   ;
|   return 0;
| }
configure:5548: result: no
configure:5562: checking libintl.h usability
configure:5562: gcc -c -g -O2  conftest.c >&5
configure:5562: $? = 0
configure:5562: result: yes
configure:5562: checking libintl.h presence
configure:5562: gcc -E  conftest.c
configure:5562: $? = 0
configure:5562: result: yes
configure:5562: checking for libintl.h
configure:5562: result: yes
configure:5570: checking for ngettext in libc
configure:5588: gcc -o conftest -g -O2   conftest.c  >&5
configure:5588: $? = 0
configure:5597: result: yes
configure:5601: checking for dgettext in libc
configure:5619: gcc -o conftest -g -O2   conftest.c  >&5
configure:5619: $? = 0
configure:5628: result: yes
configure:5635: checking for bind_textdomain_codeset
configure:5635: gcc -o conftest -g -O2   conftest.c  >&5
configure:5635: $? = 0
configure:5635: result: yes
configure:5911: checking for msgfmt
configure:5938: result: /usr/bin/msgfmt
configure:5949: checking for dcgettext
configure:5949: gcc -o conftest -g -O2   conftest.c   >&5
conftest.c:49:6: warning: conflicting types for built-in function 'dcgettext' [-Wbuiltin-declaration-mismatch]
 char dcgettext ();
      ^~~~~~~~~
configure:5949: $? = 0
configure:5949: result: yes
configure:5959: checking if msgfmt accepts -c
configure:5974: $MSGFMT -c -o /dev/null conftest.foo
conftest.foo:3: warning: header field 'Language' missing in header
configure:5977: $? = 0
configure:5979: result: yes
configure:5989: checking for gmsgfmt
configure:6020: result: /usr/bin/msgfmt
configure:6030: checking for xgettext
configure:6057: result: /usr/bin/xgettext
configure:6076: gcc -o conftest -g -O2   conftest.c   >&5
configure:6076: $? = 0
configure:6249: checking build system type
configure:6263: result: x86_64-pc-linux-gnu
configure:6283: checking host system type
configure:6296: result: x86_64-pc-linux-gnu
configure:6337: checking how to print strings
configure:6364: result: printf
configure:6385: checking for a sed that does not truncate output
configure:6449: result: /bin/sed
configure:6467: checking for fgrep
configure:6529: result: /bin/grep -F
configure:6564: checking for ld used by gcc
configure:6631: result: /usr/bin/ld
configure:6638: checking if the linker (/usr/bin/ld) is GNU ld
configure:6653: result: yes
configure:6665: checking for BSD- or MS-compatible name lister (nm)
configure:6719: result: /usr/bin/nm -B
configure:6849: checking the name lister (/usr/bin/nm -B) interface
configure:6856: gcc -c -g -O2  conftest.c >&5
configure:6859: /usr/bin/nm -B "conftest.o"
configure:6862: output
0000000000000000 B some_variable
configure:6869: result: BSD nm
configure:6872: checking whether ln -s works
configure:6876: result: yes
configure:6884: checking the maximum length of command line arguments
configure:7015: result: 1572864
configure:7063: checking how to convert x86_64-pc-linux-gnu file names to x86_64-pc-linux-gnu format
configure:7103: result: func_convert_file_noop
configure:7110: checking how to convert x86_64-pc-linux-gnu file names to toolchain format
configure:7130: result: func_convert_file_noop
configure:7137: checking for /usr/bin/ld option to reload object files
configure:7144: result: -r
configure:7218: checking for objdump
configure:7234: found /usr/bin/objdump
configure:7245: result: objdump
configure:7277: checking how to recognize dependent libraries
configure:7477: result: pass_all
configure:7562: checking for dlltool
configure:7592: result: no
configure:7622: checking how to associate runtime and link libraries
configure:7649: result: printf %s\n
configure:7709: checking for ar
configure:7725: found /usr/bin/ar
configure:7736: result: ar
configure:7773: checking for archiver @FILE support
configure:7790: gcc -c -g -O2  conftest.c >&5
configure:7790: $? = 0
configure:7793: ar cru libconftest.a @conftest.lst >&5
ar: `u' modifier ignored since `D' is the default (see `U')
configure:7796: $? = 0
configure:7801: ar cru libconftest.a @conftest.lst >&5
ar: `u' modifier ignored since `D' is the default (see `U')
ar: conftest.o: No such file or directory
configure:7804: $? = 1
configure:7816: result: @
configure:7874: checking for strip
configure:7890: found /usr/bin/strip
configure:7901: result: strip
configure:7973: checking for ranlib
configure:7989: found /usr/bin/ranlib
configure:8000: result: ranlib
configure:8102: checking command to parse /usr/bin/nm -B output from gcc object
configure:8255: gcc -c -g -O2  conftest.c >&5
configure:8258: $? = 0
configure:8262: /usr/bin/nm -B conftest.o \| sed -n -e 's/^.*[ ]\([ABCDGIRSTW][ABCDGIRSTW]*\)[ ][ ]*\([_A-Za-z][_A-Za-z0-9]*\)$/\1 \2 \2/p' | sed '/ __gnu_lto/d' \> conftest.nm
configure:8265: $? = 0
configure:8331: gcc -o conftest -g -O2   conftest.c conftstm.o >&5
configure:8334: $? = 0
configure:8372: result: ok
configure:8419: checking for sysroot
configure:8449: result: no
configure:8456: checking for a working dd
configure:8494: result: /bin/dd
configure:8498: checking how to truncate binary pipes
configure:8513: result: /bin/dd bs=4096 count=1
configure:8649: gcc -c -g -O2  conftest.c >&5
configure:8652: $? = 0
configure:8842: checking for mt
configure:8858: found /bin/mt
configure:8869: result: mt
configure:8892: checking if mt is a manifest tool
configure:8898: mt '-?'
configure:8906: result: no
configure:9580: checking for dlfcn.h
configure:9580: gcc -c -g -O2  conftest.c >&5
configure:9580: $? = 0
configure:9580: result: yes
configure:9847: checking for objdir
configure:9862: result: .libs
configure:10122: checking if gcc supports -fno-rtti -fno-exceptions
configure:10140: gcc -c -g -O2  -fno-rtti -fno-exceptions conftest.c >&5
cc1: warning: command line option '-fno-rtti' is valid for C++/ObjC++ but not for C
configure:10144: $? = 0
configure:10157: result: no
configure:10515: checking for gcc option to produce PIC
configure:10522: result: -fPIC -DPIC
configure:10530: checking if gcc PIC flag -fPIC -DPIC works
configure:10548: gcc -c -g -O2  -fPIC -DPIC -DPIC conftest.c >&5
configure:10552: $? = 0
configure:10565: result: yes
configure:10594: checking if gcc static flag -static works
configure:10622: result: yes
configure:10637: checking if gcc supports -c -o file.o
configure:10658: gcc -c -g -O2  -o out/conftest2.o conftest.c >&5
configure:10662: $? = 0
configure:10684: result: yes
configure:10692: checking if gcc supports -c -o file.o
configure:10739: result: yes
configure:10772: checking whether the gcc linker (/usr/bin/ld -m elf_x86_64) supports shared libraries
configure:12035: result: yes
configure:12072: checking whether -lc should be explicitly linked in
configure:12080: gcc -c -g -O2  conftest.c >&5
configure:12083: $? = 0
configure:12098: gcc -shared  -fPIC -DPIC conftest.o  -v -Wl,-soname -Wl,conftest -o conftest 2\>\&1 \| /bin/grep  -lc  \>/dev/null 2\>\&1
configure:12101: $? = 0
configure:12115: result: no
configure:12275: checking dynamic linker characteristics
configure:12856: gcc -o conftest -g -O2   -Wl,-rpath -Wl,/foo conftest.c  >&5
configure:12856: $? = 0
configure:13105: result: GNU/Linux ld.so
configure:13227: checking how to hardcode library paths into programs
configure:13252: result: immediate
configure:13800: checking whether stripping libraries is possible
configure:13805: result: yes
configure:13840: checking if libtool supports shared libraries
configure:13842: result: yes
configure:13845: checking whether to build shared libraries
configure:13870: result: yes
configure:13873: checking whether to build static libraries
configure:13877: result: yes
configure:13900: checking how to run the C++ preprocessor
configure:13927: g++ -E  conftest.cpp
configure:13927: $? = 0
configure:13941: g++ -E  conftest.cpp
conftest.cpp:30:10: fatal error: ac_nonexistent.h: No such file or directory
 #include <ac_nonexistent.h>
          ^~~~~~~~~~~~~~~~~~
compilation terminated.
configure:13941: $? = 1
configure: failed program was:
| /* confdefs.h */
| #define PACKAGE_NAME "thirdlab"
| #define PACKAGE_TARNAME "thirdlab"
| #define PACKAGE_VERSION "0.1"
| #define PACKAGE_STRING "thirdlab 0.1"
| #define PACKAGE_BUGREPORT ""
| #define PACKAGE_URL ""
| #define PACKAGE "thirdlab"
| #define VERSION "0.1"
| #define GETTEXT_PACKAGE "thirdlab"
| #define STDC_HEADERS 1
| #define HAVE_SYS_TYPES_H 1
| #define HAVE_SYS_STAT_H 1
| #define HAVE_STDLIB_H 1
| #define HAVE_STRING_H 1
| #define HAVE_MEMORY_H 1
| #define HAVE_STRINGS_H 1
| #define HAVE_INTTYPES_H 1
| #define HAVE_STDINT_H 1
| #define HAVE_UNISTD_H 1
| #define HAVE_LOCALE_H 1
| #define HAVE_LC_MESSAGES 1
| #define HAVE_BIND_TEXTDOMAIN_CODESET 1
| #define HAVE_GETTEXT 1
| #define HAVE_DCGETTEXT 1
| #define ENABLE_NLS 1
| #define HAVE_DLFCN_H 1
| #define LT_OBJDIR ".libs/"
| /* end confdefs.h.  */
| #include <ac_nonexistent.h>
configure:13966: result: g++ -E
configure:13986: g++ -E  conftest.cpp
configure:13986: $? = 0
configure:14000: g++ -E  conftest.cpp
conftest.cpp:30:10: fatal error: ac_nonexistent.h: No such file or directory
 #include <ac_nonexistent.h>
          ^~~~~~~~~~~~~~~~~~
compilation terminated.
configure:14000: $? = 1
configure: failed program was:
| /* confdefs.h */
| #define PACKAGE_NAME "thirdlab"
| #define PACKAGE_TARNAME "thirdlab"
| #define PACKAGE_VERSION "0.1"
| #define PACKAGE_STRING "thirdlab 0.1"
| #define PACKAGE_BUGREPORT ""
| #define PACKAGE_URL ""
| #define PACKAGE "thirdlab"
| #define VERSION "0.1"
| #define GETTEXT_PACKAGE "thirdlab"
| #define STDC_HEADERS 1
| #define HAVE_SYS_TYPES_H 1
| #define HAVE_SYS_STAT_H 1
| #define HAVE_STDLIB_H 1
| #define HAVE_STRING_H 1
| #define HAVE_MEMORY_H 1
| #define HAVE_STRINGS_H 1
| #define HAVE_INTTYPES_H 1
| #define HAVE_STDINT_H 1
| #define HAVE_UNISTD_H 1
| #define HAVE_LOCALE_H 1
| #define HAVE_LC_MESSAGES 1
| #define HAVE_BIND_TEXTDOMAIN_CODESET 1
| #define HAVE_GETTEXT 1
| #define HAVE_DCGETTEXT 1
| #define ENABLE_NLS 1
| #define HAVE_DLFCN_H 1
| #define LT_OBJDIR ".libs/"
| /* end confdefs.h.  */
| #include <ac_nonexistent.h>
configure:14162: checking for ld used by g++
configure:14229: result: /usr/bin/ld -m elf_x86_64
configure:14236: checking if the linker (/usr/bin/ld -m elf_x86_64) is GNU ld
configure:14251: result: yes
configure:14306: checking whether the g++ linker (/usr/bin/ld -m elf_x86_64) supports shared libraries
configure:15379: result: yes
configure:15415: g++ -c -g -O2  conftest.cpp >&5
configure:15418: $? = 0
configure:15899: checking for g++ option to produce PIC
configure:15906: result: -fPIC -DPIC
configure:15914: checking if g++ PIC flag -fPIC -DPIC works
configure:15932: g++ -c -g -O2  -fPIC -DPIC -DPIC conftest.cpp >&5
configure:15936: $? = 0
configure:15949: result: yes
configure:15972: checking if g++ static flag -static works
configure:16000: result: yes
configure:16012: checking if g++ supports -c -o file.o
configure:16033: g++ -c -g -O2  -o out/conftest2.o conftest.cpp >&5
configure:16037: $? = 0
configure:16059: result: yes
configure:16064: checking if g++ supports -c -o file.o
configure:16111: result: yes
configure:16141: checking whether the g++ linker (/usr/bin/ld -m elf_x86_64) supports shared libraries
configure:16184: result: yes
configure:16325: checking dynamic linker characteristics
configure:17082: result: GNU/Linux ld.so
configure:17147: checking how to hardcode library paths into programs
configure:17172: result: immediate
configure:17349: checking that generated files are newer than configure
configure:17355: result: done
configure:17386: creating ./config.status

## ---------------------- ##
## Running config.status. ##
## ---------------------- ##

This file was extended by thirdlab config.status 0.1, which was
generated by GNU Autoconf 2.69.  Invocation command line was

  CONFIG_FILES    = 
  CONFIG_HEADERS  = 
  CONFIG_LINKS    = 
  CONFIG_COMMANDS = 
  $ ./config.status 

on osipova6-l

config.status:1227: creating Makefile
config.status:1227: creating src/Makefile
config.status:1227: creating po/Makefile.in
config.status:1227: creating config.h
config.status:1456: executing depfiles commands
config.status:1456: executing default-1 commands
config.status:1456: executing libtool commands
config.status:1456: executing po/stamp-it commands
configure:19817: WARNING: unrecognized options: --enable-maintainer-mode

## ---------------- ##
## Cache variables. ##
## ---------------- ##

ac_cv_build=x86_64-pc-linux-gnu
ac_cv_c_compiler_gnu=yes
ac_cv_cxx_compiler_gnu=yes
ac_cv_env_CCC_set=
ac_cv_env_CCC_value=
ac_cv_env_CC_set=
ac_cv_env_CC_value=
ac_cv_env_CFLAGS_set=
ac_cv_env_CFLAGS_value=
ac_cv_env_CPPFLAGS_set=
ac_cv_env_CPPFLAGS_value=
ac_cv_env_CPP_set=
ac_cv_env_CPP_value=
ac_cv_env_CXXCPP_set=
ac_cv_env_CXXCPP_value=
ac_cv_env_CXXFLAGS_set=
ac_cv_env_CXXFLAGS_value=
ac_cv_env_CXX_set=
ac_cv_env_CXX_value=
ac_cv_env_LDFLAGS_set=
ac_cv_env_LDFLAGS_value=
ac_cv_env_LIBS_set=
ac_cv_env_LIBS_value=
ac_cv_env_LT_SYS_LIBRARY_PATH_set=
ac_cv_env_LT_SYS_LIBRARY_PATH_value=
ac_cv_env_build_alias_set=
ac_cv_env_build_alias_value=
ac_cv_env_host_alias_set=
ac_cv_env_host_alias_value=
ac_cv_env_target_alias_set=
ac_cv_env_target_alias_value=
ac_cv_func_bind_textdomain_codeset=yes
ac_cv_func_dcgettext=yes
ac_cv_header_dlfcn_h=yes
ac_cv_header_inttypes_h=yes
ac_cv_header_libintl_h=yes
ac_cv_header_locale_h=yes
ac_cv_header_memory_h=yes
ac_cv_header_stdc=yes
ac_cv_header_stdint_h=yes
ac_cv_header_stdlib_h=yes
ac_cv_header_string_h=yes
ac_cv_header_strings_h=yes
ac_cv_header_sys_stat_h=yes
ac_cv_header_sys_types_h=yes
ac_cv_header_unistd_h=yes
ac_cv_host=x86_64-pc-linux-gnu
ac_cv_objext=o
ac_cv_path_EGREP='/bin/grep -E'
ac_cv_path_FGREP='/bin/grep -F'
ac_cv_path_GMSGFMT=/usr/bin/msgfmt
ac_cv_path_GREP=/bin/grep
ac_cv_path_INTLTOOL_EXTRACT=/usr/bin/intltool-extract
ac_cv_path_INTLTOOL_MERGE=/usr/bin/intltool-merge
ac_cv_path_INTLTOOL_PERL=/usr/bin/perl
ac_cv_path_INTLTOOL_UPDATE=/usr/bin/intltool-update
ac_cv_path_MSGFMT=/usr/bin/msgfmt
ac_cv_path_MSGMERGE=/usr/bin/msgmerge
ac_cv_path_SED=/bin/sed
ac_cv_path_XGETTEXT=/usr/bin/xgettext
ac_cv_path_install='/usr/bin/install -c'
ac_cv_path_lt_DD=/bin/dd
ac_cv_path_mkdir=/bin/mkdir
ac_cv_prog_AWK=mawk
ac_cv_prog_CPP='gcc -E'
ac_cv_prog_CXXCPP='g++ -E'
ac_cv_prog_ac_ct_AR=ar
ac_cv_prog_ac_ct_CC=gcc
ac_cv_prog_ac_ct_CXX=g++
ac_cv_prog_ac_ct_MANIFEST_TOOL=mt
ac_cv_prog_ac_ct_OBJDUMP=objdump
ac_cv_prog_ac_ct_RANLIB=ranlib
ac_cv_prog_ac_ct_STRIP=strip
ac_cv_prog_cc_c89=
ac_cv_prog_cc_g=yes
ac_cv_prog_cxx_g=yes
ac_cv_prog_make_make_set=yes
am_cv_CC_dependencies_compiler_type=gcc3
am_cv_CXX_dependencies_compiler_type=gcc3
am_cv_make_support_nested_variables=yes
am_cv_prog_cc_c_o=yes
am_cv_val_LC_MESSAGES=yes
gt_cv_func_CFLocaleCopyCurrent=no
gt_cv_func_CFPreferencesCopyAppValue=no
gt_cv_func_dgettext_libc=yes
gt_cv_func_dgettext_libintl=no
gt_cv_func_ngettext_libc=yes
gt_cv_have_gettext=yes
lt_cv_ar_at_file=@
lt_cv_archive_cmds_need_lc=no
lt_cv_deplibs_check_method=pass_all
lt_cv_file_magic_cmd='$MAGIC_CMD'
lt_cv_file_magic_test_file=
lt_cv_ld_reload_flag=-r
lt_cv_nm_interface='BSD nm'
lt_cv_objdir=.libs
lt_cv_path_LD=/usr/bin/ld
lt_cv_path_LDCXX='/usr/bin/ld -m elf_x86_64'
lt_cv_path_NM='/usr/bin/nm -B'
lt_cv_path_mainfest_tool=no
lt_cv_prog_compiler_c_o=yes
lt_cv_prog_compiler_c_o_CXX=yes
lt_cv_prog_compiler_pic='-fPIC -DPIC'
lt_cv_prog_compiler_pic_CXX='-fPIC -DPIC'
lt_cv_prog_compiler_pic_works=yes
lt_cv_prog_compiler_pic_works_CXX=yes
lt_cv_prog_compiler_rtti_exceptions=no
lt_cv_prog_compiler_static_works=yes
lt_cv_prog_compiler_static_works_CXX=yes
lt_cv_prog_gnu_ld=yes
lt_cv_prog_gnu_ldcxx=yes
lt_cv_sharedlib_from_linklib_cmd='printf %s\n'
lt_cv_shlibpath_overrides_runpath=yes
lt_cv_sys_global_symbol_pipe='sed -n -e '\''s/^.*[	 ]\([ABCDGIRSTW][ABCDGIRSTW]*\)[	 ][	 ]*\([_A-Za-z][_A-Za-z0-9]*\)$/\1 \2 \2/p'\'' | sed '\''/ __gnu_lto/d'\'''
lt_cv_sys_global_symbol_to_c_name_address='sed -n -e '\''s/^: \(.*\) .*$/  {"\1", (void *) 0},/p'\'' -e '\''s/^[ABCDGIRSTW][ABCDGIRSTW]* .* \(.*\)$/  {"\1", (void *) \&\1},/p'\'''
lt_cv_sys_global_symbol_to_c_name_address_lib_prefix='sed -n -e '\''s/^: \(.*\) .*$/  {"\1", (void *) 0},/p'\'' -e '\''s/^[ABCDGIRSTW][ABCDGIRSTW]* .* \(lib.*\)$/  {"\1", (void *) \&\1},/p'\'' -e '\''s/^[ABCDGIRSTW][ABCDGIRSTW]* .* \(.*\)$/  {"lib\1", (void *) \&\1},/p'\'''
lt_cv_sys_global_symbol_to_cdecl='sed -n -e '\''s/^T .* \(.*\)$/extern int \1();/p'\'' -e '\''s/^[ABCDGIRSTW][ABCDGIRSTW]* .* \(.*\)$/extern char \1;/p'\'''
lt_cv_sys_global_symbol_to_import=
lt_cv_sys_max_cmd_len=1572864
lt_cv_to_host_file_cmd=func_convert_file_noop
lt_cv_to_tool_file_cmd=func_convert_file_noop
lt_cv_truncate_bin='/bin/dd bs=4096 count=1'

## ----------------- ##
## Output variables. ##
## ----------------- ##

ACLOCAL='${SHELL} /home/ITRANSITION.CORP/a6.osipov/thirdlab/missing aclocal-1.15'
ALL_LINGUAS=''
AMDEPBACKSLASH='\'
AMDEP_FALSE='#'
AMDEP_TRUE=''
AMTAR='$${TAR-tar}'
AM_BACKSLASH='\'
AM_DEFAULT_V='$(AM_DEFAULT_VERBOSITY)'
AM_DEFAULT_VERBOSITY='0'
AM_V='$(V)'
AR='ar'
AUTOCONF='${SHELL} /home/ITRANSITION.CORP/a6.osipov/thirdlab/missing autoconf'
AUTOHEADER='${SHELL} /home/ITRANSITION.CORP/a6.osipov/thirdlab/missing autoheader'
AUTOMAKE='${SHELL} /home/ITRANSITION.CORP/a6.osipov/thirdlab/missing automake-1.15'
AWK='mawk'
CATALOGS=''
CATOBJEXT='.gmo'
CC='gcc'
CCDEPMODE='depmode=gcc3'
CFLAGS='-g -O2'
CPP='gcc -E'
CPPFLAGS=''
CXX='g++'
CXXCPP='g++ -E'
CXXDEPMODE='depmode=gcc3'
CXXFLAGS='-g -O2'
CYGPATH_W='echo'
DATADIRNAME='share'
DEFS='-DHAVE_CONFIG_H'
DEPDIR='.deps'
DLLTOOL='false'
DSYMUTIL=''
DUMPBIN=''
ECHO_C=''
ECHO_N='-n'
ECHO_T=''
EGREP='/bin/grep -E'
EXEEXT=''
FGREP='/bin/grep -F'
GETTEXT_PACKAGE='thirdlab'
GMOFILES=''
GMSGFMT='/usr/bin/msgfmt'
GREP='/bin/grep'
INSTALL_DATA='${INSTALL} -m 644'
INSTALL_PROGRAM='${INSTALL}'
INSTALL_SCRIPT='${INSTALL}'
INSTALL_STRIP_PROGRAM='$(install_sh) -c -s'
INSTOBJEXT='.mo'
INTLLIBS=''
INTLTOOL_CAVES_RULE='%.caves:     %.caves.in     $(INTLTOOL_MERGE) $(wildcard $(top_srcdir)/po/*.po) ; $(INTLTOOL_V_MERGE)LC_ALL=C $(INTLTOOL_MERGE) $(INTLTOOL_V_MERGE_OPTIONS) -d -u -c $(top_builddir)/po/.intltool-merge-cache $(top_srcdir)/po $< $@'
INTLTOOL_DESKTOP_RULE='%.desktop:   %.desktop.in   $(INTLTOOL_MERGE) $(wildcard $(top_srcdir)/po/*.po) ; $(INTLTOOL_V_MERGE)LC_ALL=C $(INTLTOOL_MERGE) $(INTLTOOL_V_MERGE_OPTIONS) -d -u -c $(top_builddir)/po/.intltool-merge-cache $(top_srcdir)/po $< $@'
INTLTOOL_DIRECTORY_RULE='%.directory: %.directory.in $(INTLTOOL_MERGE) $(wildcard $(top_srcdir)/po/*.po) ; $(INTLTOOL_V_MERGE)LC_ALL=C $(INTLTOOL_MERGE) $(INTLTOOL_V_MERGE_OPTIONS) -d -u -c $(top_builddir)/po/.intltool-merge-cache $(top_srcdir)/po $< $@'
INTLTOOL_EXTRACT='/usr/bin/intltool-extract'
INTLTOOL_KBD_RULE='%.kbd:       %.kbd.in       $(INTLTOOL_MERGE) $(wildcard $(top_srcdir)/po/*.po) ; $(INTLTOOL_V_MERGE)LC_ALL=C $(INTLTOOL_MERGE) $(INTLTOOL_V_MERGE_OPTIONS) -x -u -m -c $(top_builddir)/po/.intltool-merge-cache $(top_srcdir)/po $< $@'
INTLTOOL_KEYS_RULE='%.keys:      %.keys.in      $(INTLTOOL_MERGE) $(wildcard $(top_srcdir)/po/*.po) ; $(INTLTOOL_V_MERGE)LC_ALL=C $(INTLTOOL_MERGE) $(INTLTOOL_V_MERGE_OPTIONS) -k -u -c $(top_builddir)/po/.intltool-merge-cache $(top_srcdir)/po $< $@'
INTLTOOL_MERGE='/usr/bin/intltool-merge'
INTLTOOL_OAF_RULE='%.oaf:       %.oaf.in       $(INTLTOOL_MERGE) $(wildcard $(top_srcdir)/po/*.po) ; $(INTLTOOL_V_MERGE)LC_ALL=C $(INTLTOOL_MERGE) $(INTLTOOL_V_MERGE_OPTIONS) -o -p $(top_srcdir)/po $< $@'
INTLTOOL_PERL='/usr/bin/perl'
INTLTOOL_POLICY_RULE='%.policy:    %.policy.in    $(INTLTOOL_MERGE) $(wildcard $(top_srcdir)/po/*.po) ; $(INTLTOOL_V_MERGE)LC_ALL=C $(INTLTOOL_MERGE) $(INTLTOOL_V_MERGE_OPTIONS) -x -u -c $(top_builddir)/po/.intltool-merge-cache $(top_srcdir)/po $< $@'
INTLTOOL_PONG_RULE='%.pong:      %.pong.in      $(INTLTOOL_MERGE) $(wildcard $(top_srcdir)/po/*.po) ; $(INTLTOOL_V_MERGE)LC_ALL=C $(INTLTOOL_MERGE) $(INTLTOOL_V_MERGE_OPTIONS) -x -u -c $(top_builddir)/po/.intltool-merge-cache $(top_srcdir)/po $< $@'
INTLTOOL_PROP_RULE='%.prop:      %.prop.in      $(INTLTOOL_MERGE) $(wildcard $(top_srcdir)/po/*.po) ; $(INTLTOOL_V_MERGE)LC_ALL=C $(INTLTOOL_MERGE) $(INTLTOOL_V_MERGE_OPTIONS) -d -u -c $(top_builddir)/po/.intltool-merge-cache $(top_srcdir)/po $< $@'
INTLTOOL_SCHEMAS_RULE='%.schemas:   %.schemas.in   $(INTLTOOL_MERGE) $(wildcard $(top_srcdir)/po/*.po) ; $(INTLTOOL_V_MERGE)LC_ALL=C $(INTLTOOL_MERGE) $(INTLTOOL_V_MERGE_OPTIONS) -s -u -c $(top_builddir)/po/.intltool-merge-cache $(top_srcdir)/po $< $@'
INTLTOOL_SERVER_RULE='%.server:    %.server.in    $(INTLTOOL_MERGE) $(wildcard $(top_srcdir)/po/*.po) ; $(INTLTOOL_V_MERGE)LC_ALL=C $(INTLTOOL_MERGE) $(INTLTOOL_V_MERGE_OPTIONS) -o -u -c $(top_builddir)/po/.intltool-merge-cache $(top_srcdir)/po $< $@'
INTLTOOL_SERVICE_RULE='%.service: %.service.in   $(INTLTOOL_MERGE) $(wildcard $(top_srcdir)/po/*.po) ; $(INTLTOOL_V_MERGE)LC_ALL=C $(INTLTOOL_MERGE) $(INTLTOOL_V_MERGE_OPTIONS) -d -u -c $(top_builddir)/po/.intltool-merge-cache $(top_srcdir)/po $< $@'
INTLTOOL_SHEET_RULE='%.sheet:     %.sheet.in     $(INTLTOOL_MERGE) $(wildcard $(top_srcdir)/po/*.po) ; $(INTLTOOL_V_MERGE)LC_ALL=C $(INTLTOOL_MERGE) $(INTLTOOL_V_MERGE_OPTIONS) -x -u -c $(top_builddir)/po/.intltool-merge-cache $(top_srcdir)/po $< $@'
INTLTOOL_SOUNDLIST_RULE='%.soundlist: %.soundlist.in $(INTLTOOL_MERGE) $(wildcard $(top_srcdir)/po/*.po) ; $(INTLTOOL_V_MERGE)LC_ALL=C $(INTLTOOL_MERGE) $(INTLTOOL_V_MERGE_OPTIONS) -d -u -c $(top_builddir)/po/.intltool-merge-cache $(top_srcdir)/po $< $@'
INTLTOOL_THEME_RULE='%.theme:     %.theme.in     $(INTLTOOL_MERGE) $(wildcard $(top_srcdir)/po/*.po) ; $(INTLTOOL_V_MERGE)LC_ALL=C $(INTLTOOL_MERGE) $(INTLTOOL_V_MERGE_OPTIONS) -d -u -c $(top_builddir)/po/.intltool-merge-cache $(top_srcdir)/po $< $@'
INTLTOOL_UI_RULE='%.ui:        %.ui.in        $(INTLTOOL_MERGE) $(wildcard $(top_srcdir)/po/*.po) ; $(INTLTOOL_V_MERGE)LC_ALL=C $(INTLTOOL_MERGE) $(INTLTOOL_V_MERGE_OPTIONS) -x -u -c $(top_builddir)/po/.intltool-merge-cache $(top_srcdir)/po $< $@'
INTLTOOL_UPDATE='/usr/bin/intltool-update'
INTLTOOL_V_MERGE='$(INTLTOOL__v_MERGE_$(V))'
INTLTOOL_V_MERGE_OPTIONS='$(intltool__v_merge_options_$(V))'
INTLTOOL_XAM_RULE='%.xam:       %.xml.in       $(INTLTOOL_MERGE) $(wildcard $(top_srcdir)/po/*.po) ; $(INTLTOOL_V_MERGE)LC_ALL=C $(INTLTOOL_MERGE) $(INTLTOOL_V_MERGE_OPTIONS) -x -u -c $(top_builddir)/po/.intltool-merge-cache $(top_srcdir)/po $< $@'
INTLTOOL_XML_NOMERGE_RULE='%.xml:       %.xml.in       $(INTLTOOL_MERGE) ; $(INTLTOOL_V_MERGE)LC_ALL=C $(INTLTOOL_MERGE) $(INTLTOOL_V_MERGE_OPTIONS) -x -u --no-translations $< $@'
INTLTOOL_XML_RULE='%.xml:       %.xml.in       $(INTLTOOL_MERGE) $(wildcard $(top_srcdir)/po/*.po) ; $(INTLTOOL_V_MERGE)LC_ALL=C $(INTLTOOL_MERGE) $(INTLTOOL_V_MERGE_OPTIONS) -x -u -c $(top_builddir)/po/.intltool-merge-cache $(top_srcdir)/po $< $@'
INTLTOOL__v_MERGE_0='@echo "  ITMRG " $@;'
INTLTOOL__v_MERGE_='$(INTLTOOL__v_MERGE_$(AM_DEFAULT_VERBOSITY))'
INTL_MACOSX_LIBS=''
LD='/usr/bin/ld -m elf_x86_64'
LDFLAGS=''
LIBOBJS=''
LIBS=''
LIBTOOL='$(SHELL) $(top_builddir)/libtool'
LIPO=''
LN_S='ln -s'
LTLIBOBJS=''
LT_SYS_LIBRARY_PATH=''
MAKEINFO='${SHELL} /home/ITRANSITION.CORP/a6.osipov/thirdlab/missing makeinfo'
MANIFEST_TOOL=':'
MKDIR_P='/bin/mkdir -p'
MKINSTALLDIRS='./mkinstalldirs'
MSGFMT='/usr/bin/msgfmt'
MSGFMT_OPTS='-c'
MSGMERGE='/usr/bin/msgmerge'
NM='/usr/bin/nm -B'
NMEDIT=''
OBJDUMP='objdump'
OBJEXT='o'
OTOOL64=''
OTOOL=''
PACKAGE='thirdlab'
PACKAGE_BUGREPORT=''
PACKAGE_NAME='thirdlab'
PACKAGE_STRING='thirdlab 0.1'
PACKAGE_TARNAME='thirdlab'
PACKAGE_URL=''
PACKAGE_VERSION='0.1'
PATH_SEPARATOR=':'
POFILES=''
POSUB='po'
PO_IN_DATADIR_FALSE=''
PO_IN_DATADIR_TRUE=''
RANLIB='ranlib'
SED='/bin/sed'
SET_MAKE=''
SHELL='/bin/bash'
STRIP='strip'
USE_NLS='yes'
VERSION='0.1'
XGETTEXT='/usr/bin/xgettext'
ac_ct_AR='ar'
ac_ct_CC='gcc'
ac_ct_CXX='g++'
ac_ct_DUMPBIN=''
am__EXEEXT_FALSE=''
am__EXEEXT_TRUE='#'
am__fastdepCC_FALSE='#'
am__fastdepCC_TRUE=''
am__fastdepCXX_FALSE='#'
am__fastdepCXX_TRUE=''
am__include='include'
am__isrc=''
am__leading_dot='.'
am__nodep='_no'
am__quote=''
am__tar='$${TAR-tar} chof - "$$tardir"'
am__untar='$${TAR-tar} xf -'
bindir='${exec_prefix}/bin'
build='x86_64-pc-linux-gnu'
build_alias=''
build_cpu='x86_64'
build_os='linux-gnu'
build_vendor='pc'
datadir='${datarootdir}'
datarootdir='${prefix}/share'
docdir='${datarootdir}/doc/${PACKAGE_TARNAME}'
dvidir='${docdir}'
exec_prefix='${prefix}'
host='x86_64-pc-linux-gnu'
host_alias=''
host_cpu='x86_64'
host_os='linux-gnu'
host_vendor='pc'
htmldir='${docdir}'
includedir='${prefix}/include'
infodir='${datarootdir}/info'
install_sh='${SHELL} /home/ITRANSITION.CORP/a6.osipov/thirdlab/install-sh'
intltool__v_merge_options_0='-q'
intltool__v_merge_options_='$(intltool__v_merge_options_$(AM_DEFAULT_VERBOSITY))'
libdir='${exec_prefix}/lib'
libexecdir='${exec_prefix}/libexec'
localedir='${datarootdir}/locale'
localstatedir='${prefix}/var'
mandir='${datarootdir}/man'
mkdir_p='$(MKDIR_P)'
oldincludedir='/usr/include'
pdfdir='${docdir}'
prefix='/usr/local'
program_transform_name='s,x,x,'
psdir='${docdir}'
runstatedir='${localstatedir}/run'
sbindir='${exec_prefix}/sbin'
sharedstatedir='${prefix}/com'
sysconfdir='${prefix}/etc'
target_alias=''

## ----------- ##
## confdefs.h. ##
## ----------- ##

/* confdefs.h */
#define PACKAGE_NAME "thirdlab"
#define PACKAGE_TARNAME "thirdlab"
#define PACKAGE_VERSION "0.1"
#define PACKAGE_STRING "thirdlab 0.1"
#define PACKAGE_BUGREPORT ""
#define PACKAGE_URL ""
#define PACKAGE "thirdlab"
#define VERSION "0.1"
#define GETTEXT_PACKAGE "thirdlab"
#define STDC_HEADERS 1
#define HAVE_SYS_TYPES_H 1
#define HAVE_SYS_STAT_H 1
#define HAVE_STDLIB_H 1
#define HAVE_STRING_H 1
#define HAVE_MEMORY_H 1
#define HAVE_STRINGS_H 1
#define HAVE_INTTYPES_H 1
#define HAVE_STDINT_H 1
#define HAVE_UNISTD_H 1
#define HAVE_LOCALE_H 1
#define HAVE_LC_MESSAGES 1
#define HAVE_BIND_TEXTDOMAIN_CODESET 1
#define HAVE_GETTEXT 1
#define HAVE_DCGETTEXT 1
#define ENABLE_NLS 1
#define HAVE_DLFCN_H 1
#define LT_OBJDIR ".libs/"

configure: exit 0
